<?xml version="1.0" encoding="UTF-8"?>
<coverage generated="1683389942104" clover="3.2.0">
  <project timestamp="1683389942104" name="All files">
    <metrics statements="504" coveredstatements="64" conditionals="556" coveredconditionals="65" methods="79" coveredmethods="16" elements="1139" coveredelements="145" complexity="0" loc="504" ncloc="504" packages="1" files="1" classes="1"/>
    <file name="CommonHelper.js" path="/Users/sloir/Development/pocketbase/ui/src/utils/CommonHelper.js">
      <metrics statements="504" coveredstatements="64" conditionals="556" coveredconditionals="65" methods="79" coveredmethods="16"/>
      <line num="1" count="1" type="stmt"/>
      <line num="3" count="1" type="stmt"/>
      <line num="8" count="1" type="stmt"/>
      <line num="12" count="1" type="stmt"/>
      <line num="17" count="1" type="stmt"/>
      <line num="23" count="1" type="stmt"/>
      <line num="31" count="13" type="cond" truecount="3" falsecount="0"/>
      <line num="41" count="0" type="cond" truecount="0" falsecount="2"/>
      <line num="57" count="9" type="stmt"/>
      <line num="76" count="0" type="cond" truecount="0" falsecount="4"/>
      <line num="78" count="0" type="stmt"/>
      <line num="93" count="0" type="cond" truecount="0" falsecount="4"/>
      <line num="95" count="0" type="stmt"/>
      <line num="111" count="0" type="stmt"/>
      <line num="112" count="0" type="cond" truecount="0" falsecount="1"/>
      <line num="113" count="0" type="stmt"/>
      <line num="117" count="0" type="stmt"/>
      <line num="128" count="0" type="cond" truecount="0" falsecount="1"/>
      <line num="129" count="0" type="stmt"/>
      <line num="132" count="0" type="cond" truecount="0" falsecount="5"/>
      <line num="143" count="4" type="cond" truecount="2" falsecount="0"/>
      <line num="145" count="4" type="stmt"/>
      <line num="146" count="5" type="cond" truecount="1" falsecount="0"/>
      <line num="147" count="1" type="stmt"/>
      <line num="151" count="3" type="stmt"/>
      <line num="161" count="0" type="cond" truecount="0" falsecount="2"/>
      <line num="163" count="0" type="stmt"/>
      <line num="164" count="0" type="cond" truecount="0" falsecount="1"/>
      <line num="165" count="0" type="stmt"/>
      <line num="166" count="0" type="stmt"/>
      <line num="178" count="4" type="cond" truecount="1" falsecount="0"/>
      <line num="179" count="3" type="stmt"/>
      <line num="192" count="0" type="cond" truecount="0" falsecount="2"/>
      <line num="194" count="0" type="stmt"/>
      <line num="195" count="0" type="cond" truecount="0" falsecount="1"/>
      <line num="196" count="0" type="stmt"/>
      <line num="200" count="0" type="stmt"/>
      <line num="211" count="0" type="cond" truecount="0" falsecount="2"/>
      <line num="213" count="0" type="stmt"/>
      <line num="215" count="0" type="stmt"/>
      <line num="216" count="0" type="cond" truecount="0" falsecount="2"/>
      <line num="218" count="0" type="stmt"/>
      <line num="221" count="0" type="stmt"/>
      <line num="232" count="0" type="stmt"/>
      <line num="233" count="0" type="cond" truecount="0" falsecount="1"/>
      <line num="234" count="0" type="stmt"/>
      <line num="235" count="0" type="stmt"/>
      <line num="248" count="0" type="stmt"/>
      <line num="249" count="0" type="cond" truecount="0" falsecount="1"/>
      <line num="250" count="0" type="stmt"/>
      <line num="251" count="0" type="stmt"/>
      <line num="255" count="0" type="stmt"/>
      <line num="266" count="0" type="cond" truecount="0" falsecount="2"/>
      <line num="268" count="0" type="stmt"/>
      <line num="270" count="0" type="stmt"/>
      <line num="271" count="0" type="stmt"/>
      <line num="274" count="0" type="stmt"/>
      <line num="285" count="0" type="cond" truecount="0" falsecount="2"/>
      <line num="287" count="0" type="stmt"/>
      <line num="288" count="0" type="cond" truecount="0" falsecount="4"/>
      <line num="289" count="0" type="stmt"/>
      <line num="290" count="0" type="cond" truecount="0" falsecount="1"/>
      <line num="291" count="0" type="stmt"/>
      <line num="294" count="0" type="stmt"/>
      <line num="315" count="0" type="cond" truecount="0" falsecount="2"/>
      <line num="316" count="0" type="cond" truecount="0" falsecount="2"/>
      <line num="318" count="0" type="stmt"/>
      <line num="319" count="0" type="cond" truecount="0" falsecount="1"/>
      <line num="323" count="0" type="stmt"/>
      <line num="326" count="0" type="stmt"/>
      <line num="329" count="0" type="stmt"/>
      <line num="346" count="0" type="cond" truecount="0" falsecount="3"/>
      <line num="347" count="0" type="stmt"/>
      <line num="348" count="0" type="stmt"/>
      <line num="351" count="0" type="stmt"/>
      <line num="352" count="0" type="stmt"/>
      <line num="353" count="0" type="stmt"/>
      <line num="355" count="0" type="stmt"/>
      <line num="356" count="0" type="cond" truecount="0" falsecount="1"/>
      <line num="360" count="0" type="stmt"/>
      <line num="363" count="0" type="stmt"/>
      <line num="366" count="0" type="stmt"/>
      <line num="384" count="0" type="cond" truecount="0" falsecount="2"/>
      <line num="385" count="0" type="cond" truecount="0" falsecount="2"/>
      <line num="386" count="0" type="stmt"/>
      <line num="388" count="0" type="stmt"/>
      <line num="389" count="0" type="cond" truecount="0" falsecount="1"/>
      <line num="393" count="0" type="stmt"/>
      <line num="396" count="0" type="stmt"/>
      <line num="399" count="0" type="cond" truecount="0" falsecount="2"/>
      <line num="400" count="0" type="stmt"/>
      <line num="401" count="0" type="cond" truecount="0" falsecount="1"/>
      <line num="402" count="0" type="stmt"/>
      <line num="406" count="0" type="cond" truecount="0" falsecount="1"/>
      <line num="417" count="0" type="stmt"/>
      <line num="428" count="3" type="cond" truecount="2" falsecount="0"/>
      <line num="430" count="3" type="stmt"/>
      <line num="431" count="3" type="stmt"/>
      <line num="433" count="3" type="stmt"/>
      <line num="434" count="30" type="stmt"/>
      <line num="437" count="3" type="stmt"/>
      <line num="448" count="0" type="cond" truecount="0" falsecount="1"/>
      <line num="449" count="0" type="stmt"/>
      <line num="452" count="0" type="stmt"/>
      <line num="453" count="0" type="cond" truecount="0" falsecount="1"/>
      <line num="454" count="0" type="stmt"/>
      <line num="457" count="0" type="stmt"/>
      <line num="459" count="0" type="cond" truecount="0" falsecount="1"/>
      <line num="460" count="0" type="stmt"/>
      <line num="461" count="0" type="cond" truecount="0" falsecount="4"/>
      <line num="462" count="0" type="stmt"/>
      <line num="466" count="0" type="stmt"/>
      <line num="479" count="0" type="cond" truecount="0" falsecount="1"/>
      <line num="484" count="0" type="stmt"/>
      <line num="487" count="0" type="stmt"/>
      <line num="497" count="0" type="cond" truecount="0" falsecount="1"/>
      <line num="498" count="0" type="stmt"/>
      <line num="501" count="0" type="stmt"/>
      <line num="503" count="0" type="cond" truecount="0" falsecount="2"/>
      <line num="515" count="0" type="cond" truecount="0" falsecount="2"/>
      <line num="517" count="0" type="cond" truecount="0" falsecount="1"/>
      <line num="518" count="0" type="stmt"/>
      <line num="521" count="0" type="cond" truecount="0" falsecount="2"/>
      <line num="531" count="0" type="stmt"/>
      <line num="533" count="0" type="stmt"/>
      <line num="534" count="0" type="stmt"/>
      <line num="536" count="0" type="cond" truecount="0" falsecount="1"/>
      <line num="537" count="0" type="stmt"/>
      <line num="540" count="0" type="stmt"/>
      <line num="543" count="0" type="stmt"/>
      <line num="555" count="0" type="cond" truecount="0" falsecount="1"/>
      <line num="556" count="0" type="stmt"/>
      <line num="560" count="0" type="stmt"/>
      <line num="598" count="0" type="stmt"/>
      <line num="599" count="0" type="stmt"/>
      <line num="602" count="0" type="stmt"/>
      <line num="607" count="0" type="stmt"/>
      <line num="619" count="0" type="stmt"/>
      <line num="630" count="0" type="cond" truecount="0" falsecount="2"/>
      <line num="631" count="0" type="stmt"/>
      <line num="633" count="0" type="stmt"/>
      <line num="634" count="0" type="stmt"/>
      <line num="635" count="0" type="cond" truecount="0" falsecount="1"/>
      <line num="636" count="0" type="stmt"/>
      <line num="640" count="0" type="stmt"/>
      <line num="651" count="0" type="stmt"/>
      <line num="653" count="0" type="stmt"/>
      <line num="654" count="0" type="cond" truecount="0" falsecount="2"/>
      <line num="655" count="0" type="cond" truecount="0" falsecount="1"/>
      <line num="656" count="0" type="stmt"/>
      <line num="660" count="0" type="stmt"/>
      <line num="671" count="5" type="cond" truecount="1" falsecount="1"/>
      <line num="673" count="5" type="cond" truecount="1" falsecount="0"/>
      <line num="674" count="1" type="stmt"/>
      <line num="677" count="4" type="stmt"/>
      <line num="679" count="4" type="cond" truecount="1" falsecount="0"/>
      <line num="680" count="3" type="stmt"/>
      <line num="683" count="1" type="stmt"/>
      <line num="693" count="0" type="cond" truecount="0" falsecount="1"/>
      <line num="694" count="0" type="stmt"/>
      <line num="700" count="0" type="cond" truecount="0" falsecount="2"/>
      <line num="701" count="0" type="stmt"/>
      <line num="704" count="0" type="stmt"/>
      <line num="715" count="0" type="stmt"/>
      <line num="726" count="0" type="stmt"/>
      <line num="736" count="0" type="stmt"/>
      <line num="738" count="0" type="cond" truecount="0" falsecount="11"/>
      <line num="739" count="0" type="stmt"/>
      <line num="742" count="0" type="stmt"/>
      <line num="743" count="0" type="stmt"/>
      <line num="754" count="0" type="stmt"/>
      <line num="756" count="0" type="stmt"/>
      <line num="757" count="0" type="stmt"/>
      <line num="758" count="0" type="stmt"/>
      <line num="759" count="0" type="stmt"/>
      <line num="760" count="0" type="stmt"/>
      <line num="770" count="0" type="cond" truecount="0" falsecount="4"/>
      <line num="771" count="0" type="cond" truecount="0" falsecount="1"/>
      <line num="772" count="0" type="stmt"/>
      <line num="775" count="0" type="stmt"/>
      <line num="776" count="0" type="stmt"/>
      <line num="777" count="0" type="cond" truecount="0" falsecount="2"/>
      <line num="779" count="0" type="stmt"/>
      <line num="782" count="0" type="stmt"/>
      <line num="792" count="255" type="stmt"/>
      <line num="802" count="70" type="stmt"/>
      <line num="812" count="60" type="stmt"/>
      <line num="822" count="242" type="stmt"/>
      <line num="832" count="36" type="cond" truecount="1" falsecount="0"/>
      <line num="833" count="27" type="cond" truecount="1" falsecount="0"/>
      <line num="834" count="16" type="cond" truecount="1" falsecount="0"/>
      <line num="835" count="11" type="cond" truecount="1" falsecount="0"/>
      <line num="836" count="3" type="stmt"/>
      <line num="849" count="0" type="stmt"/>
      <line num="850" count="0" type="stmt"/>
      <line num="852" count="0" type="stmt"/>
      <line num="853" count="0" type="stmt"/>
      <line num="855" count="0" type="stmt"/>
      <line num="856" count="0" type="stmt"/>
      <line num="857" count="0" type="stmt"/>
      <line num="858" count="0" type="stmt"/>
      <line num="859" count="0" type="stmt"/>
      <line num="861" count="0" type="stmt"/>
      <line num="862" count="0" type="stmt"/>
      <line num="864" count="0" type="stmt"/>
      <line num="877" count="0" type="stmt"/>
      <line num="880" count="0" type="stmt"/>
      <line num="883" count="0" type="stmt"/>
      <line num="895" count="0" type="cond" truecount="0" falsecount="1"/>
      <line num="896" count="0" type="stmt"/>
      <line num="899" count="0" type="cond" truecount="0" falsecount="2"/>
      <line num="900" count="0" type="stmt"/>
      <line num="901" count="0" type="cond" truecount="0" falsecount="2"/>
      <line num="902" count="0" type="stmt"/>
      <line num="903" count="0" type="stmt"/>
      <line num="905" count="0" type="cond" truecount="0" falsecount="2"/>
      <line num="906" count="0" type="stmt"/>
      <line num="907" count="0" type="cond" truecount="0" falsecount="2"/>
      <line num="908" count="0" type="stmt"/>
      <line num="909" count="0" type="cond" truecount="0" falsecount="2"/>
      <line num="910" count="0" type="stmt"/>
      <line num="912" count="0" type="stmt"/>
      <line num="923" count="0" type="cond" truecount="0" falsecount="6"/>
      <line num="925" count="0" type="stmt"/>
      <line num="931" count="0" type="cond" truecount="0" falsecount="5"/>
      <line num="932" count="0" type="stmt"/>
      <line num="933" count="0" type="stmt"/>
      <line num="934" count="0" type="stmt"/>
      <line num="935" count="0" type="stmt"/>
      <line num="938" count="0" type="cond" truecount="0" falsecount="14"/>
      <line num="939" count="0" type="cond" truecount="0" falsecount="1"/>
      <line num="940" count="0" type="stmt"/>
      <line num="943" count="0" type="cond" truecount="0" falsecount="14"/>
      <line num="944" count="0" type="cond" truecount="0" falsecount="1"/>
      <line num="945" count="0" type="stmt"/>
      <line num="948" count="0" type="stmt"/>
      <line num="949" count="0" type="stmt"/>
      <line num="950" count="0" type="cond" truecount="0" falsecount="2"/>
      <line num="951" count="0" type="stmt"/>
      <line num="952" count="0" type="cond" truecount="0" falsecount="2"/>
      <line num="953" count="0" type="stmt"/>
      <line num="954" count="0" type="cond" truecount="0" falsecount="2"/>
      <line num="955" count="0" type="stmt"/>
      <line num="956" count="0" type="cond" truecount="0" falsecount="2"/>
      <line num="957" count="0" type="stmt"/>
      <line num="958" count="0" type="cond" truecount="0" falsecount="2"/>
      <line num="959" count="0" type="stmt"/>
      <line num="960" count="0" type="cond" truecount="0" falsecount="2"/>
      <line num="961" count="0" type="stmt"/>
      <line num="962" count="0" type="cond" truecount="0" falsecount="2"/>
      <line num="963" count="0" type="stmt"/>
      <line num="964" count="0" type="cond" truecount="0" falsecount="5"/>
      <line num="965" count="0" type="stmt"/>
      <line num="967" count="0" type="cond" truecount="0" falsecount="2"/>
      <line num="968" count="0" type="cond" truecount="0" falsecount="8"/>
      <line num="969" count="0" type="cond" truecount="0" falsecount="5"/>
      <line num="970" count="0" type="stmt"/>
      <line num="972" count="0" type="cond" truecount="0" falsecount="2"/>
      <line num="973" count="0" type="stmt"/>
      <line num="974" count="0" type="cond" truecount="0" falsecount="5"/>
      <line num="975" count="0" type="stmt"/>
      <line num="978" count="0" type="stmt"/>
      <line num="981" count="0" type="stmt"/>
      <line num="984" count="0" type="stmt"/>
      <line num="994" count="0" type="cond" truecount="0" falsecount="6"/>
      <line num="996" count="0" type="stmt"/>
      <line num="998" count="0" type="stmt"/>
      <line num="999" count="0" type="stmt"/>
      <line num="1001" count="0" type="cond" truecount="0" falsecount="2"/>
      <line num="1002" count="0" type="stmt"/>
      <line num="1003" count="0" type="cond" truecount="0" falsecount="2"/>
      <line num="1004" count="0" type="stmt"/>
      <line num="1005" count="0" type="cond" truecount="0" falsecount="2"/>
      <line num="1006" count="0" type="stmt"/>
      <line num="1007" count="0" type="cond" truecount="0" falsecount="2"/>
      <line num="1008" count="0" type="stmt"/>
      <line num="1009" count="0" type="cond" truecount="0" falsecount="2"/>
      <line num="1010" count="0" type="stmt"/>
      <line num="1011" count="0" type="cond" truecount="0" falsecount="2"/>
      <line num="1012" count="0" type="stmt"/>
      <line num="1013" count="0" type="cond" truecount="0" falsecount="2"/>
      <line num="1014" count="0" type="stmt"/>
      <line num="1015" count="0" type="cond" truecount="0" falsecount="2"/>
      <line num="1016" count="0" type="cond" truecount="0" falsecount="8"/>
      <line num="1017" count="0" type="cond" truecount="0" falsecount="5"/>
      <line num="1018" count="0" type="stmt"/>
      <line num="1020" count="0" type="cond" truecount="0" falsecount="2"/>
      <line num="1021" count="0" type="stmt"/>
      <line num="1022" count="0" type="cond" truecount="0" falsecount="5"/>
      <line num="1023" count="0" type="stmt"/>
      <line num="1026" count="0" type="stmt"/>
      <line num="1029" count="0" type="stmt"/>
      <line num="1032" count="0" type="stmt"/>
      <line num="1042" count="0" type="cond" truecount="0" falsecount="7"/>
      <line num="1044" count="0" type="stmt"/>
      <line num="1046" count="0" type="stmt"/>
      <line num="1048" count="0" type="stmt"/>
      <line num="1059" count="0" type="cond" truecount="0" falsecount="18"/>
      <line num="1061" count="0" type="stmt"/>
      <line num="1063" count="0" type="stmt"/>
      <line num="1065" count="0" type="stmt"/>
      <line num="1067" count="0" type="stmt"/>
      <line num="1069" count="0" type="stmt"/>
      <line num="1071" count="0" type="stmt"/>
      <line num="1073" count="0" type="stmt"/>
      <line num="1075" count="0" type="stmt"/>
      <line num="1077" count="0" type="stmt"/>
      <line num="1079" count="0" type="stmt"/>
      <line num="1081" count="0" type="stmt"/>
      <line num="1083" count="0" type="stmt"/>
      <line num="1085" count="0" type="stmt"/>
      <line num="1087" count="0" type="stmt"/>
      <line num="1098" count="0" type="cond" truecount="0" falsecount="10"/>
      <line num="1100" count="0" type="stmt"/>
      <line num="1102" count="0" type="stmt"/>
      <line num="1104" count="0" type="stmt"/>
      <line num="1107" count="0" type="cond" truecount="0" falsecount="9"/>
      <line num="1108" count="0" type="stmt"/>
      <line num="1110" count="0" type="stmt"/>
      <line num="1112" count="0" type="stmt"/>
      <line num="1123" count="0" type="cond" truecount="0" falsecount="5"/>
      <line num="1124" count="0" type="stmt"/>
      <line num="1127" count="0" type="cond" truecount="0" falsecount="5"/>
      <line num="1128" count="0" type="stmt"/>
      <line num="1131" count="0" type="cond" truecount="0" falsecount="5"/>
      <line num="1132" count="0" type="stmt"/>
      <line num="1136" count="0" type="cond" truecount="0" falsecount="15"/>
      <line num="1137" count="0" type="stmt"/>
      <line num="1140" count="0" type="stmt"/>
      <line num="1150" count="0" type="cond" truecount="0" falsecount="3"/>
      <line num="1154" count="0" type="stmt"/>
      <line num="1166" count="0" type="cond" truecount="0" falsecount="2"/>
      <line num="1167" count="0" type="cond" truecount="0" falsecount="2"/>
      <line num="1169" count="0" type="cond" truecount="0" falsecount="1"/>
      <line num="1170" count="0" type="stmt"/>
      <line num="1173" count="0" type="stmt"/>
      <line num="1174" count="0" type="cond" truecount="0" falsecount="3"/>
      <line num="1175" count="0" type="stmt"/>
      <line num="1179" count="0" type="cond" truecount="0" falsecount="2"/>
      <line num="1180" count="0" type="cond" truecount="0" falsecount="2"/>
      <line num="1181" count="0" type="stmt"/>
      <line num="1182" count="0" type="cond" truecount="0" falsecount="6"/>
      <line num="1184" count="0" type="stmt"/>
      <line num="1185" count="0" type="cond" truecount="0" falsecount="6"/>
      <line num="1187" count="0" type="stmt"/>
      <line num="1188" count="0" type="cond" truecount="0" falsecount="2"/>
      <line num="1189" count="0" type="cond" truecount="0" falsecount="1"/>
      <line num="1190" count="0" type="stmt"/>
      <line num="1193" count="0" type="stmt"/>
      <line num="1194" count="0" type="cond" truecount="0" falsecount="1"/>
      <line num="1195" count="0" type="stmt"/>
      <line num="1199" count="0" type="stmt"/>
      <line num="1202" count="0" type="stmt"/>
      <line num="1216" count="0" type="stmt"/>
      <line num="1217" count="0" type="stmt"/>
      <line num="1218" count="0" type="stmt"/>
      <line num="1220" count="0" type="stmt"/>
      <line num="1221" count="0" type="cond" truecount="0" falsecount="2"/>
      <line num="1222" count="0" type="stmt"/>
      <line num="1223" count="0" type="cond" truecount="0" falsecount="2"/>
      <line num="1224" count="0" type="stmt"/>
      <line num="1226" count="0" type="stmt"/>
      <line num="1230" count="0" type="stmt"/>
      <line num="1240" count="0" type="stmt"/>
      <line num="1241" count="0" type="stmt"/>
      <line num="1251" count="0" type="stmt"/>
      <line num="1269" count="0" type="stmt"/>
      <line num="1297" count="0" type="stmt"/>
      <line num="1298" count="0" type="stmt"/>
      <line num="1299" count="0" type="stmt"/>
      <line num="1301" count="0" type="stmt"/>
      <line num="1302" count="0" type="stmt"/>
      <line num="1303" count="0" type="stmt"/>
      <line num="1305" count="0" type="stmt"/>
      <line num="1306" count="0" type="cond" truecount="0" falsecount="1"/>
      <line num="1307" count="0" type="stmt"/>
      <line num="1312" count="0" type="stmt"/>
      <line num="1313" count="0" type="stmt"/>
      <line num="1314" count="0" type="stmt"/>
      <line num="1315" count="0" type="stmt"/>
      <line num="1316" count="0" type="stmt"/>
      <line num="1319" count="0" type="stmt"/>
      <line num="1322" count="0" type="stmt"/>
      <line num="1325" count="0" type="stmt"/>
      <line num="1337" count="0" type="cond" truecount="0" falsecount="2"/>
      <line num="1338" count="0" type="cond" truecount="0" falsecount="2"/>
      <line num="1340" count="0" type="stmt"/>
      <line num="1342" count="0" type="stmt"/>
      <line num="1343" count="0" type="stmt"/>
      <line num="1345" count="0" type="cond" truecount="0" falsecount="1"/>
      <line num="1346" count="0" type="stmt"/>
      <line num="1349" count="0" type="cond" truecount="0" falsecount="2"/>
      <line num="1350" count="0" type="stmt"/>
      <line num="1351" count="0" type="cond" truecount="0" falsecount="2"/>
      <line num="1352" count="0" type="cond" truecount="0" falsecount="2"/>
      <line num="1353" count="0" type="cond" truecount="0" falsecount="2"/>
      <line num="1354" count="0" type="cond" truecount="0" falsecount="2"/>
      <line num="1355" count="0" type="stmt"/>
      <line num="1357" count="0" type="stmt"/>
      <line num="1361" count="0" type="cond" truecount="0" falsecount="1"/>
      <line num="1362" count="0" type="stmt"/>
      <line num="1365" count="0" type="stmt"/>
      <line num="1376" count="0" type="stmt"/>
      <line num="1377" count="0" type="cond" truecount="0" falsecount="1"/>
      <line num="1378" count="0" type="stmt"/>
      <line num="1382" count="0" type="stmt"/>
      <line num="1394" count="0" type="stmt"/>
      <line num="1396" count="0" type="cond" truecount="0" falsecount="2"/>
      <line num="1402" count="0" type="stmt"/>
      <line num="1404" count="0" type="cond" truecount="0" falsecount="10"/>
      <line num="1406" count="0" type="stmt"/>
      <line num="1408" count="0" type="stmt"/>
      <line num="1409" count="0" type="stmt"/>
      <line num="1410" count="0" type="cond" truecount="0" falsecount="3"/>
      <line num="1411" count="0" type="stmt"/>
      <line num="1415" count="0" type="stmt"/>
      <line num="1426" count="0" type="cond" truecount="0" falsecount="1"/>
      <line num="1427" count="0" type="stmt"/>
      <line num="1430" count="0" type="stmt"/>
      <line num="1432" count="0" type="cond" truecount="0" falsecount="2"/>
      <line num="1433" count="0" type="stmt"/>
      <line num="1434" count="0" type="stmt"/>
      <line num="1436" count="0" type="cond" truecount="0" falsecount="2"/>
      <line num="1437" count="0" type="stmt"/>
      <line num="1438" count="0" type="stmt"/>
      <line num="1439" count="0" type="stmt"/>
      <line num="1440" count="0" type="stmt"/>
      <line num="1441" count="0" type="stmt"/>
      <line num="1442" count="0" type="stmt"/>
      <line num="1444" count="0" type="stmt"/>
      <line num="1445" count="0" type="stmt"/>
      <line num="1448" count="0" type="cond" truecount="0" falsecount="2"/>
      <line num="1450" count="0" type="stmt"/>
      <line num="1451" count="0" type="stmt"/>
      <line num="1454" count="0" type="stmt"/>
      <line num="1480" count="7" type="stmt"/>
      <line num="1490" count="7" type="stmt"/>
      <line num="1491" count="7" type="cond" truecount="2" falsecount="0"/>
      <line num="1493" count="7" type="cond" truecount="5" falsecount="0"/>
      <line num="1494" count="1" type="stmt"/>
      <line num="1497" count="6" type="stmt"/>
      <line num="1500" count="6" type="cond" truecount="3" falsecount="1"/>
      <line num="1503" count="6" type="cond" truecount="3" falsecount="1"/>
      <line num="1506" count="6" type="cond" truecount="1" falsecount="1"/>
      <line num="1507" count="6" type="cond" truecount="2" falsecount="0"/>
      <line num="1508" count="1" type="stmt"/>
      <line num="1509" count="1" type="stmt"/>
      <line num="1511" count="5" type="stmt"/>
      <line num="1512" count="5" type="stmt"/>
      <line num="1516" count="6" type="cond" truecount="1" falsecount="1"/>
      <line num="1519" count="6" type="cond" truecount="2" falsecount="0"/>
      <line num="1523" count="6" type="stmt"/>
      <line num="1524" count="7" type="stmt"/>
      <line num="1526" count="7" type="stmt"/>
      <line num="1527" count="7" type="stmt"/>
      <line num="1528" count="7" type="cond" truecount="5" falsecount="0"/>
      <line num="1529" count="1" type="stmt"/>
      <line num="1532" count="6" type="cond" truecount="6" falsecount="2"/>
      <line num="1533" count="6" type="cond" truecount="0" falsecount="1"/>
      <line num="1534" count="0" type="stmt"/>
      <line num="1536" count="6" type="stmt"/>
      <line num="1544" count="6" type="cond" truecount="2" falsecount="0"/>
      <line num="1546" count="6" type="stmt"/>
      <line num="1556" count="0" type="stmt"/>
      <line num="1558" count="0" type="cond" truecount="0" falsecount="1"/>
      <line num="1559" count="0" type="stmt"/>
      <line num="1562" count="0" type="stmt"/>
      <line num="1564" count="0" type="cond" truecount="0" falsecount="1"/>
      <line num="1565" count="0" type="stmt"/>
      <line num="1568" count="0" type="cond" truecount="0" falsecount="1"/>
      <line num="1569" count="0" type="stmt"/>
      <line num="1572" count="0" type="cond" truecount="0" falsecount="2"/>
      <line num="1574" count="0" type="stmt"/>
      <line num="1576" count="0" type="cond" truecount="0" falsecount="4"/>
      <line num="1578" count="0" type="cond" truecount="0" falsecount="1"/>
      <line num="1579" count="0" type="stmt"/>
      <line num="1582" count="0" type="stmt"/>
      <line num="1583" count="0" type="stmt"/>
      <line num="1585" count="0" type="cond" truecount="0" falsecount="4"/>
      <line num="1587" count="0" type="stmt"/>
      <line num="1590" count="0" type="stmt"/>
      <line num="1593" count="0" type="cond" truecount="0" falsecount="1"/>
      <line num="1594" count="0" type="stmt"/>
      <line num="1597" count="0" type="cond" truecount="0" falsecount="1"/>
      <line num="1598" count="0" type="stmt"/>
      <line num="1601" count="0" type="stmt"/>
      <line num="1605" count="0" type="cond" truecount="0" falsecount="1"/>
      <line num="1606" count="0" type="stmt"/>
      <line num="1609" count="0" type="stmt"/>
      <line num="1611" count="0" type="cond" truecount="0" falsecount="1"/>
      <line num="1612" count="0" type="stmt"/>
      <line num="1615" count="0" type="stmt"/>
      <line num="1626" count="0" type="stmt"/>
      <line num="1628" count="0" type="stmt"/>
      <line num="1630" count="0" type="stmt"/>
      <line num="1642" count="0" type="cond" truecount="0" falsecount="1"/>
      <line num="1643" count="0" type="stmt"/>
      <line num="1646" count="0" type="stmt"/>
      <line num="1648" count="0" type="stmt"/>
      <line num="1649" count="0" type="stmt"/>
      <line num="1650" count="0" type="cond" truecount="0" falsecount="1"/>
      <line num="1651" count="0" type="stmt"/>
      <line num="1652" count="0" type="stmt"/>
      <line num="1656" count="0" type="cond" truecount="0" falsecount="2"/>
    </file>
  </project>
</coverage>
