{"/Users/sloir/Development/pocketbase/ui/src/utils/CommonHelper.js": {"path":"/Users/sloir/Development/pocketbase/ui/src/utils/CommonHelper.js","statementMap":{"0":{"start":{"line":1,"column":0},"end":{"line":1,"column":33}},"1":{"start":{"line":3,"column":24},"end":{"line":6,"column":2}},"2":{"start":{"line":8,"column":24},"end":{"line":10,"column":2}},"3":{"start":{"line":12,"column":24},"end":{"line":15,"column":2}},"4":{"start":{"line":17,"column":27},"end":{"line":21,"column":2}},"5":{"start":{"line":31,"column":8},"end":{"line":31,"column":91}},"6":{"start":{"line":41,"column":8},"end":{"line":41,"column":115}},"7":{"start":{"line":57,"column":8},"end":{"line":66,"column":10}},"8":{"start":{"line":76,"column":22},"end":{"line":76,"column":85}},"9":{"start":{"line":78,"column":8},"end":{"line":83,"column":null}},"10":{"start":{"line":93,"column":22},"end":{"line":93,"column":85}},"11":{"start":{"line":95,"column":8},"end":{"line":101,"column":10}},"12":{"start":{"line":111,"column":8},"end":{"line":115,"column":null}},"13":{"start":{"line":112,"column":12},"end":{"line":114,"column":null}},"14":{"start":{"line":113,"column":16},"end":{"line":113,"column":28}},"15":{"start":{"line":117,"column":8},"end":{"line":117,"column":21}},"16":{"start":{"line":128,"column":8},"end":{"line":130,"column":null}},"17":{"start":{"line":129,"column":12},"end":{"line":129,"column":31}},"18":{"start":{"line":132,"column":8},"end":{"line":132,"column":101}},"19":{"start":{"line":143,"column":8},"end":{"line":143,"column":44}},"20":{"start":{"line":145,"column":8},"end":{"line":149,"column":null}},"21":{"start":{"line":145,"column":21},"end":{"line":145,"column":35}},"22":{"start":{"line":146,"column":12},"end":{"line":148,"column":null}},"23":{"start":{"line":147,"column":16},"end":{"line":147,"column":28}},"24":{"start":{"line":151,"column":8},"end":{"line":151,"column":21}},"25":{"start":{"line":161,"column":8},"end":{"line":161,"column":44}},"26":{"start":{"line":163,"column":8},"end":{"line":168,"column":null}},"27":{"start":{"line":163,"column":21},"end":{"line":163,"column":35}},"28":{"start":{"line":164,"column":12},"end":{"line":167,"column":null}},"29":{"start":{"line":165,"column":16},"end":{"line":165,"column":33}},"30":{"start":{"line":166,"column":16},"end":{"line":166,"column":22}},"31":{"start":{"line":178,"column":8},"end":{"line":180,"column":null}},"32":{"start":{"line":179,"column":12},"end":{"line":179,"column":28}},"33":{"start":{"line":192,"column":8},"end":{"line":192,"column":65}},"34":{"start":{"line":194,"column":8},"end":{"line":198,"column":null}},"35":{"start":{"line":195,"column":12},"end":{"line":197,"column":null}},"36":{"start":{"line":196,"column":16},"end":{"line":196,"column":37}},"37":{"start":{"line":200,"column":8},"end":{"line":200,"column":20}},"38":{"start":{"line":211,"column":8},"end":{"line":211,"column":65}},"39":{"start":{"line":213,"column":23},"end":{"line":213,"column":25}},"40":{"start":{"line":215,"column":8},"end":{"line":219,"column":null}},"41":{"start":{"line":216,"column":12},"end":{"line":216,"column":74}},"42":{"start":{"line":218,"column":12},"end":{"line":218,"column":59}},"43":{"start":{"line":221,"column":8},"end":{"line":221,"column":22}},"44":{"start":{"line":232,"column":8},"end":{"line":237,"column":null}},"45":{"start":{"line":233,"column":12},"end":{"line":236,"column":null}},"46":{"start":{"line":234,"column":16},"end":{"line":234,"column":40}},"47":{"start":{"line":235,"column":16},"end":{"line":235,"column":22}},"48":{"start":{"line":248,"column":8},"end":{"line":253,"column":null}},"49":{"start":{"line":248,"column":21},"end":{"line":248,"column":42}},"50":{"start":{"line":249,"column":12},"end":{"line":252,"column":null}},"51":{"start":{"line":250,"column":16},"end":{"line":250,"column":37}},"52":{"start":{"line":251,"column":16},"end":{"line":251,"column":23}},"53":{"start":{"line":255,"column":8},"end":{"line":255,"column":30}},"54":{"start":{"line":266,"column":8},"end":{"line":266,"column":65}},"55":{"start":{"line":268,"column":26},"end":{"line":268,"column":28}},"56":{"start":{"line":270,"column":8},"end":{"line":272,"column":null}},"57":{"start":{"line":271,"column":12},"end":{"line":271,"column":40}},"58":{"start":{"line":274,"column":8},"end":{"line":274,"column":null}},"59":{"start":{"line":285,"column":23},"end":{"line":285,"column":60}},"60":{"start":{"line":287,"column":8},"end":{"line":293,"column":null}},"61":{"start":{"line":288,"column":12},"end":{"line":292,"column":null}},"62":{"start":{"line":289,"column":16},"end":{"line":289,"column":null}},"63":{"start":{"line":290,"column":19},"end":{"line":292,"column":null}},"64":{"start":{"line":291,"column":16},"end":{"line":291,"column":36}},"65":{"start":{"line":294,"column":8},"end":{"line":294,"column":22}},"66":{"start":{"line":315,"column":21},"end":{"line":315,"column":31}},"67":{"start":{"line":316,"column":21},"end":{"line":316,"column":50}},"68":{"start":{"line":318,"column":8},"end":{"line":327,"column":null}},"69":{"start":{"line":319,"column":12},"end":{"line":324,"column":null}},"70":{"start":{"line":323,"column":16},"end":{"line":323,"column":34}},"71":{"start":{"line":326,"column":12},"end":{"line":326,"column":34}},"72":{"start":{"line":329,"column":8},"end":{"line":329,"column":22}},"73":{"start":{"line":346,"column":8},"end":{"line":349,"column":null}},"74":{"start":{"line":347,"column":12},"end":{"line":347,"column":68}},"75":{"start":{"line":348,"column":12},"end":{"line":348,"column":18}},"76":{"start":{"line":351,"column":23},"end":{"line":351,"column":27}},"77":{"start":{"line":352,"column":23},"end":{"line":352,"column":44}},"78":{"start":{"line":353,"column":23},"end":{"line":353,"column":34}},"79":{"start":{"line":355,"column":8},"end":{"line":364,"column":null}},"80":{"start":{"line":356,"column":12},"end":{"line":361,"column":null}},"81":{"start":{"line":360,"column":16},"end":{"line":360,"column":34}},"82":{"start":{"line":363,"column":12},"end":{"line":363,"column":34}},"83":{"start":{"line":366,"column":8},"end":{"line":366,"column":36}},"84":{"start":{"line":384,"column":23},"end":{"line":384,"column":33}},"85":{"start":{"line":385,"column":23},"end":{"line":385,"column":52}},"86":{"start":{"line":386,"column":23},"end":{"line":386,"column":34}},"87":{"start":{"line":388,"column":8},"end":{"line":397,"column":null}},"88":{"start":{"line":389,"column":12},"end":{"line":394,"column":null}},"89":{"start":{"line":393,"column":16},"end":{"line":393,"column":34}},"90":{"start":{"line":396,"column":12},"end":{"line":396,"column":34}},"91":{"start":{"line":399,"column":8},"end":{"line":403,"column":null}},"92":{"start":{"line":400,"column":12},"end":{"line":400,"column":39}},"93":{"start":{"line":401,"column":15},"end":{"line":403,"column":null}},"94":{"start":{"line":402,"column":12},"end":{"line":402,"column":38}},"95":{"start":{"line":406,"column":8},"end":{"line":418,"column":null}},"96":{"start":{"line":417,"column":12},"end":{"line":417,"column":78}},"97":{"start":{"line":428,"column":8},"end":{"line":428,"column":30}},"98":{"start":{"line":430,"column":21},"end":{"line":430,"column":23}},"99":{"start":{"line":431,"column":23},"end":{"line":431,"column":87}},"100":{"start":{"line":433,"column":8},"end":{"line":435,"column":null}},"101":{"start":{"line":433,"column":21},"end":{"line":433,"column":22}},"102":{"start":{"line":434,"column":12},"end":{"line":434,"column":83}},"103":{"start":{"line":437,"column":8},"end":{"line":437,"column":22}},"104":{"start":{"line":448,"column":8},"end":{"line":450,"column":null}},"105":{"start":{"line":449,"column":12},"end":{"line":449,"column":22}},"106":{"start":{"line":452,"column":8},"end":{"line":452,"column":46}},"107":{"start":{"line":453,"column":8},"end":{"line":455,"column":null}},"108":{"start":{"line":454,"column":12},"end":{"line":454,"column":23}},"109":{"start":{"line":457,"column":8},"end":{"line":457,"column":54}},"110":{"start":{"line":459,"column":8},"end":{"line":464,"column":null}},"111":{"start":{"line":460,"column":27},"end":{"line":460,"column":46}},"112":{"start":{"line":461,"column":12},"end":{"line":463,"column":null}},"113":{"start":{"line":462,"column":16},"end":{"line":462,"column":27}},"114":{"start":{"line":466,"column":8},"end":{"line":466,"column":null}},"115":{"start":{"line":479,"column":8},"end":{"line":485,"column":null}},"116":{"start":{"line":484,"column":12},"end":{"line":484,"column":36}},"117":{"start":{"line":487,"column":8},"end":{"line":487,"column":null}},"118":{"start":{"line":497,"column":8},"end":{"line":499,"column":null}},"119":{"start":{"line":498,"column":12},"end":{"line":498,"column":22}},"120":{"start":{"line":501,"column":20},"end":{"line":501,"column":69}},"121":{"start":{"line":503,"column":8},"end":{"line":503,"column":49}},"122":{"start":{"line":515,"column":8},"end":{"line":515,"column":24}},"123":{"start":{"line":517,"column":8},"end":{"line":519,"column":null}},"124":{"start":{"line":518,"column":12},"end":{"line":518,"column":23}},"125":{"start":{"line":521,"column":8},"end":{"line":521,"column":62}},"126":{"start":{"line":531,"column":26},"end":{"line":531,"column":28}},"127":{"start":{"line":533,"column":8},"end":{"line":541,"column":null}},"128":{"start":{"line":534,"column":24},"end":{"line":534,"column":32}},"129":{"start":{"line":536,"column":12},"end":{"line":538,"column":null}},"130":{"start":{"line":537,"column":16},"end":{"line":537,"column":64}},"131":{"start":{"line":540,"column":12},"end":{"line":540,"column":35}},"132":{"start":{"line":543,"column":8},"end":{"line":543,"column":25}},"133":{"start":{"line":555,"column":8},"end":{"line":557,"column":null}},"134":{"start":{"line":556,"column":12},"end":{"line":556,"column":22}},"135":{"start":{"line":560,"column":32},"end":{"line":595,"column":10}},"136":{"start":{"line":598,"column":8},"end":{"line":600,"column":null}},"137":{"start":{"line":599,"column":12},"end":{"line":599,"column":53}},"138":{"start":{"line":602,"column":21},"end":{"line":605,"column":39}},"139":{"start":{"line":607,"column":8},"end":{"line":607,"column":60}},"140":{"start":{"line":619,"column":6},"end":{"line":619,"column":56}},"141":{"start":{"line":630,"column":22},"end":{"line":630,"column":50}},"142":{"start":{"line":631,"column":23},"end":{"line":631,"column":25}},"143":{"start":{"line":633,"column":8},"end":{"line":638,"column":null}},"144":{"start":{"line":634,"column":12},"end":{"line":634,"column":31}},"145":{"start":{"line":635,"column":12},"end":{"line":637,"column":null}},"146":{"start":{"line":636,"column":16},"end":{"line":636,"column":34}},"147":{"start":{"line":640,"column":8},"end":{"line":640,"column":22}},"148":{"start":{"line":651,"column":23},"end":{"line":651,"column":25}},"149":{"start":{"line":653,"column":8},"end":{"line":658,"column":null}},"150":{"start":{"line":654,"column":12},"end":{"line":654,"column":63}},"151":{"start":{"line":655,"column":12},"end":{"line":657,"column":null}},"152":{"start":{"line":656,"column":16},"end":{"line":656,"column":34}},"153":{"start":{"line":660,"column":8},"end":{"line":660,"column":38}},"154":{"start":{"line":671,"column":8},"end":{"line":671,"column":47}},"155":{"start":{"line":673,"column":8},"end":{"line":675,"column":null}},"156":{"start":{"line":674,"column":12},"end":{"line":674,"column":37}},"157":{"start":{"line":677,"column":22},"end":{"line":677,"column":45}},"158":{"start":{"line":679,"column":8},"end":{"line":681,"column":null}},"159":{"start":{"line":680,"column":12},"end":{"line":680,"column":61}},"160":{"start":{"line":683,"column":8},"end":{"line":683,"column":36}},"161":{"start":{"line":693,"column":8},"end":{"line":702,"column":null}},"162":{"start":{"line":694,"column":28},"end":{"line":699,"column":null}},"163":{"start":{"line":700,"column":27},"end":{"line":700,"column":62}},"164":{"start":{"line":701,"column":12},"end":{"line":701,"column":70}},"165":{"start":{"line":704,"column":8},"end":{"line":704,"column":41}},"166":{"start":{"line":715,"column":8},"end":{"line":715,"column":71}},"167":{"start":{"line":726,"column":8},"end":{"line":726,"column":73}},"168":{"start":{"line":736,"column":8},"end":{"line":736,"column":25}},"169":{"start":{"line":738,"column":8},"end":{"line":740,"column":null}},"170":{"start":{"line":739,"column":12},"end":{"line":739,"column":19}},"171":{"start":{"line":742,"column":8},"end":{"line":744,"column":null}},"172":{"start":{"line":743,"column":12},"end":{"line":743,"column":49}},"173":{"start":{"line":754,"column":27},"end":{"line":754,"column":109}},"174":{"start":{"line":756,"column":25},"end":{"line":756,"column":52}},"175":{"start":{"line":757,"column":8},"end":{"line":757,"column":50}},"176":{"start":{"line":758,"column":8},"end":{"line":758,"column":58}},"177":{"start":{"line":759,"column":8},"end":{"line":759,"column":25}},"178":{"start":{"line":760,"column":8},"end":{"line":760,"column":26}},"179":{"start":{"line":770,"column":20},"end":{"line":770,"column":51}},"180":{"start":{"line":771,"column":8},"end":{"line":773,"column":null}},"181":{"start":{"line":772,"column":12},"end":{"line":772,"column":22}},"182":{"start":{"line":775,"column":8},"end":{"line":780,"column":null}},"183":{"start":{"line":776,"column":35},"end":{"line":776,"column":64}},"184":{"start":{"line":777,"column":12},"end":{"line":777,"column":52}},"185":{"start":{"line":779,"column":12},"end":{"line":779,"column":67}},"186":{"start":{"line":782,"column":8},"end":{"line":782,"column":19}},"187":{"start":{"line":792,"column":8},"end":{"line":792,"column":85}},"188":{"start":{"line":792,"column":47},"end":{"line":792,"column":83}},"189":{"start":{"line":802,"column":8},"end":{"line":802,"column":85}},"190":{"start":{"line":802,"column":47},"end":{"line":802,"column":83}},"191":{"start":{"line":812,"column":8},"end":{"line":812,"column":85}},"192":{"start":{"line":812,"column":47},"end":{"line":812,"column":83}},"193":{"start":{"line":822,"column":8},"end":{"line":822,"column":88}},"194":{"start":{"line":822,"column":50},"end":{"line":822,"column":86}},"195":{"start":{"line":832,"column":8},"end":{"line":832,"column":69}},"196":{"start":{"line":832,"column":54},"end":{"line":832,"column":69}},"197":{"start":{"line":833,"column":8},"end":{"line":833,"column":75}},"198":{"start":{"line":833,"column":57},"end":{"line":833,"column":75}},"199":{"start":{"line":834,"column":8},"end":{"line":834,"column":69}},"200":{"start":{"line":834,"column":54},"end":{"line":834,"column":69}},"201":{"start":{"line":835,"column":8},"end":{"line":835,"column":69}},"202":{"start":{"line":835,"column":54},"end":{"line":835,"column":69}},"203":{"start":{"line":836,"column":8},"end":{"line":836,"column":22}},"204":{"start":{"line":849,"column":8},"end":{"line":884,"column":11}},"205":{"start":{"line":850,"column":25},"end":{"line":850,"column":41}},"206":{"start":{"line":852,"column":12},"end":{"line":881,"column":null}},"207":{"start":{"line":853,"column":26},"end":{"line":853,"column":37}},"208":{"start":{"line":855,"column":16},"end":{"line":878,"column":18}},"209":{"start":{"line":856,"column":33},"end":{"line":856,"column":65}},"210":{"start":{"line":857,"column":30},"end":{"line":857,"column":53}},"211":{"start":{"line":858,"column":35},"end":{"line":858,"column":44}},"212":{"start":{"line":859,"column":36},"end":{"line":859,"column":46}},"213":{"start":{"line":861,"column":20},"end":{"line":861,"column":41}},"214":{"start":{"line":862,"column":20},"end":{"line":862,"column":43}},"215":{"start":{"line":864,"column":20},"end":{"line":875,"column":22}},"216":{"start":{"line":877,"column":20},"end":{"line":877,"column":64}},"217":{"start":{"line":880,"column":16},"end":{"line":880,"column":42}},"218":{"start":{"line":883,"column":12},"end":{"line":883,"column":39}},"219":{"start":{"line":895,"column":8},"end":{"line":897,"column":null}},"220":{"start":{"line":896,"column":12},"end":{"line":896,"column":19}},"221":{"start":{"line":899,"column":8},"end":{"line":913,"column":null}},"222":{"start":{"line":900,"column":12},"end":{"line":900,"column":37}},"223":{"start":{"line":901,"column":15},"end":{"line":913,"column":null}},"224":{"start":{"line":902,"column":12},"end":{"line":904,"column":null}},"225":{"start":{"line":903,"column":16},"end":{"line":903,"column":69}},"226":{"start":{"line":905,"column":15},"end":{"line":913,"column":null}},"227":{"start":{"line":906,"column":12},"end":{"line":906,"column":40}},"228":{"start":{"line":907,"column":15},"end":{"line":913,"column":null}},"229":{"start":{"line":908,"column":12},"end":{"line":908,"column":54}},"230":{"start":{"line":909,"column":15},"end":{"line":913,"column":null}},"231":{"start":{"line":910,"column":12},"end":{"line":910,"column":56}},"232":{"start":{"line":912,"column":12},"end":{"line":912,"column":45}},"233":{"start":{"line":923,"column":23},"end":{"line":923,"column":47}},"234":{"start":{"line":925,"column":22},"end":{"line":929,"column":10}},"235":{"start":{"line":931,"column":8},"end":{"line":936,"column":null}},"236":{"start":{"line":932,"column":12},"end":{"line":932,"column":46}},"237":{"start":{"line":933,"column":12},"end":{"line":933,"column":38}},"238":{"start":{"line":934,"column":12},"end":{"line":934,"column":44}},"239":{"start":{"line":935,"column":12},"end":{"line":935,"column":48}},"240":{"start":{"line":938,"column":27},"end":{"line":938,"column":135}},"241":{"start":{"line":939,"column":8},"end":{"line":941,"column":null}},"242":{"start":{"line":940,"column":12},"end":{"line":940,"column":58}},"243":{"start":{"line":943,"column":27},"end":{"line":943,"column":135}},"244":{"start":{"line":944,"column":8},"end":{"line":946,"column":null}},"245":{"start":{"line":945,"column":12},"end":{"line":945,"column":58}},"246":{"start":{"line":948,"column":8},"end":{"line":982,"column":null}},"247":{"start":{"line":949,"column":22},"end":{"line":949,"column":26}},"248":{"start":{"line":950,"column":12},"end":{"line":979,"column":null}},"249":{"start":{"line":951,"column":16},"end":{"line":951,"column":26}},"250":{"start":{"line":952,"column":19},"end":{"line":979,"column":null}},"251":{"start":{"line":953,"column":16},"end":{"line":953,"column":49}},"252":{"start":{"line":954,"column":19},"end":{"line":979,"column":null}},"253":{"start":{"line":955,"column":16},"end":{"line":955,"column":27}},"254":{"start":{"line":956,"column":19},"end":{"line":979,"column":null}},"255":{"start":{"line":957,"column":16},"end":{"line":957,"column":41}},"256":{"start":{"line":958,"column":19},"end":{"line":979,"column":null}},"257":{"start":{"line":959,"column":16},"end":{"line":959,"column":44}},"258":{"start":{"line":960,"column":19},"end":{"line":979,"column":null}},"259":{"start":{"line":961,"column":16},"end":{"line":961,"column":29}},"260":{"start":{"line":962,"column":19},"end":{"line":979,"column":null}},"261":{"start":{"line":963,"column":16},"end":{"line":963,"column":37}},"262":{"start":{"line":964,"column":16},"end":{"line":966,"column":null}},"263":{"start":{"line":965,"column":20},"end":{"line":965,"column":32}},"264":{"start":{"line":967,"column":19},"end":{"line":979,"column":null}},"265":{"start":{"line":968,"column":16},"end":{"line":968,"column":49}},"266":{"start":{"line":969,"column":16},"end":{"line":971,"column":null}},"267":{"start":{"line":970,"column":20},"end":{"line":970,"column":32}},"268":{"start":{"line":972,"column":19},"end":{"line":979,"column":null}},"269":{"start":{"line":973,"column":16},"end":{"line":973,"column":43}},"270":{"start":{"line":974,"column":16},"end":{"line":976,"column":null}},"271":{"start":{"line":975,"column":20},"end":{"line":975,"column":32}},"272":{"start":{"line":978,"column":16},"end":{"line":978,"column":29}},"273":{"start":{"line":981,"column":12},"end":{"line":981,"column":36}},"274":{"start":{"line":984,"column":8},"end":{"line":984,"column":21}},"275":{"start":{"line":994,"column":23},"end":{"line":994,"column":47}},"276":{"start":{"line":996,"column":22},"end":{"line":996,"column":24}},"277":{"start":{"line":998,"column":8},"end":{"line":1030,"column":null}},"278":{"start":{"line":999,"column":22},"end":{"line":999,"column":26}},"279":{"start":{"line":1001,"column":12},"end":{"line":1027,"column":null}},"280":{"start":{"line":1002,"column":16},"end":{"line":1002,"column":26}},"281":{"start":{"line":1003,"column":19},"end":{"line":1027,"column":null}},"282":{"start":{"line":1004,"column":16},"end":{"line":1004,"column":49}},"283":{"start":{"line":1005,"column":19},"end":{"line":1027,"column":null}},"284":{"start":{"line":1006,"column":16},"end":{"line":1006,"column":27}},"285":{"start":{"line":1007,"column":19},"end":{"line":1027,"column":null}},"286":{"start":{"line":1008,"column":16},"end":{"line":1008,"column":41}},"287":{"start":{"line":1009,"column":19},"end":{"line":1027,"column":null}},"288":{"start":{"line":1010,"column":16},"end":{"line":1010,"column":44}},"289":{"start":{"line":1011,"column":19},"end":{"line":1027,"column":null}},"290":{"start":{"line":1012,"column":16},"end":{"line":1012,"column":29}},"291":{"start":{"line":1013,"column":19},"end":{"line":1027,"column":null}},"292":{"start":{"line":1014,"column":16},"end":{"line":1014,"column":25}},"293":{"start":{"line":1015,"column":19},"end":{"line":1027,"column":null}},"294":{"start":{"line":1016,"column":16},"end":{"line":1016,"column":49}},"295":{"start":{"line":1017,"column":16},"end":{"line":1019,"column":null}},"296":{"start":{"line":1018,"column":20},"end":{"line":1018,"column":32}},"297":{"start":{"line":1020,"column":19},"end":{"line":1027,"column":null}},"298":{"start":{"line":1021,"column":16},"end":{"line":1021,"column":43}},"299":{"start":{"line":1022,"column":16},"end":{"line":1024,"column":null}},"300":{"start":{"line":1023,"column":20},"end":{"line":1023,"column":32}},"301":{"start":{"line":1026,"column":16},"end":{"line":1026,"column":29}},"302":{"start":{"line":1029,"column":12},"end":{"line":1029,"column":36}},"303":{"start":{"line":1032,"column":8},"end":{"line":1032,"column":21}},"304":{"start":{"line":1042,"column":8},"end":{"line":1049,"column":null}},"305":{"start":{"line":1044,"column":16},"end":{"line":1044,"column":39}},"306":{"start":{"line":1046,"column":16},"end":{"line":1046,"column":39}},"307":{"start":{"line":1048,"column":16},"end":{"line":1048,"column":42}},"308":{"start":{"line":1059,"column":8},"end":{"line":1088,"column":null}},"309":{"start":{"line":1061,"column":16},"end":{"line":1061,"column":37}},"310":{"start":{"line":1063,"column":16},"end":{"line":1063,"column":33}},"311":{"start":{"line":1065,"column":16},"end":{"line":1065,"column":36}},"312":{"start":{"line":1067,"column":16},"end":{"line":1067,"column":42}},"313":{"start":{"line":1069,"column":16},"end":{"line":1069,"column":40}},"314":{"start":{"line":1071,"column":16},"end":{"line":1071,"column":38}},"315":{"start":{"line":1073,"column":16},"end":{"line":1073,"column":33}},"316":{"start":{"line":1075,"column":16},"end":{"line":1075,"column":40}},"317":{"start":{"line":1077,"column":16},"end":{"line":1077,"column":39}},"318":{"start":{"line":1079,"column":16},"end":{"line":1079,"column":40}},"319":{"start":{"line":1081,"column":16},"end":{"line":1081,"column":39}},"320":{"start":{"line":1083,"column":16},"end":{"line":1083,"column":37}},"321":{"start":{"line":1085,"column":16},"end":{"line":1085,"column":38}},"322":{"start":{"line":1087,"column":16},"end":{"line":1087,"column":40}},"323":{"start":{"line":1098,"column":8},"end":{"line":1113,"column":null}},"324":{"start":{"line":1100,"column":16},"end":{"line":1100,"column":33}},"325":{"start":{"line":1102,"column":16},"end":{"line":1102,"column":32}},"326":{"start":{"line":1104,"column":16},"end":{"line":1104,"column":30}},"327":{"start":{"line":1107,"column":16},"end":{"line":1109,"column":null}},"328":{"start":{"line":1108,"column":20},"end":{"line":1108,"column":36}},"329":{"start":{"line":1110,"column":16},"end":{"line":1110,"column":39}},"330":{"start":{"line":1112,"column":16},"end":{"line":1112,"column":32}},"331":{"start":{"line":1123,"column":8},"end":{"line":1125,"column":null}},"332":{"start":{"line":1124,"column":12},"end":{"line":1124,"column":23}},"333":{"start":{"line":1127,"column":8},"end":{"line":1129,"column":null}},"334":{"start":{"line":1128,"column":12},"end":{"line":1128,"column":27}},"335":{"start":{"line":1131,"column":8},"end":{"line":1133,"column":null}},"336":{"start":{"line":1132,"column":12},"end":{"line":1132,"column":38}},"337":{"start":{"line":1136,"column":8},"end":{"line":1138,"column":null}},"338":{"start":{"line":1137,"column":12},"end":{"line":1137,"column":24}},"339":{"start":{"line":1140,"column":8},"end":{"line":1140,"column":20}},"340":{"start":{"line":1150,"column":18},"end":{"line":1150,"column":106}},"341":{"start":{"line":1154,"column":8},"end":{"line":1154,"column":57}},"342":{"start":{"line":1166,"column":8},"end":{"line":1166,"column":44}},"343":{"start":{"line":1167,"column":8},"end":{"line":1167,"column":44}},"344":{"start":{"line":1169,"column":8},"end":{"line":1171,"column":null}},"345":{"start":{"line":1170,"column":12},"end":{"line":1170,"column":24}},"346":{"start":{"line":1173,"column":8},"end":{"line":1177,"column":null}},"347":{"start":{"line":1174,"column":12},"end":{"line":1176,"column":null}},"348":{"start":{"line":1175,"column":16},"end":{"line":1175,"column":28}},"349":{"start":{"line":1179,"column":26},"end":{"line":1179,"column":89}},"350":{"start":{"line":1180,"column":26},"end":{"line":1180,"column":89}},"351":{"start":{"line":1181,"column":30},"end":{"line":1183,"column":10}},"352":{"start":{"line":1182,"column":12},"end":{"line":1182,"column":89}},"353":{"start":{"line":1184,"column":28},"end":{"line":1186,"column":10}},"354":{"start":{"line":1185,"column":12},"end":{"line":1185,"column":89}},"355":{"start":{"line":1187,"column":30},"end":{"line":1200,"column":10}},"356":{"start":{"line":1188,"column":29},"end":{"line":1188,"column":116}},"357":{"start":{"line":1189,"column":12},"end":{"line":1191,"column":null}},"358":{"start":{"line":1190,"column":16},"end":{"line":1190,"column":29}},"359":{"start":{"line":1193,"column":12},"end":{"line":1197,"column":null}},"360":{"start":{"line":1194,"column":16},"end":{"line":1196,"column":null}},"361":{"start":{"line":1195,"column":20},"end":{"line":1195,"column":32}},"362":{"start":{"line":1199,"column":12},"end":{"line":1199,"column":25}},"363":{"start":{"line":1202,"column":8},"end":{"line":1206,"column":10}},"364":{"start":{"line":1216,"column":21},"end":{"line":1216,"column":23}},"365":{"start":{"line":1217,"column":21},"end":{"line":1217,"column":23}},"366":{"start":{"line":1218,"column":21},"end":{"line":1218,"column":23}},"367":{"start":{"line":1220,"column":8},"end":{"line":1228,"column":null}},"368":{"start":{"line":1221,"column":12},"end":{"line":1227,"column":null}},"369":{"start":{"line":1222,"column":16},"end":{"line":1222,"column":38}},"370":{"start":{"line":1223,"column":19},"end":{"line":1227,"column":null}},"371":{"start":{"line":1224,"column":16},"end":{"line":1224,"column":38}},"372":{"start":{"line":1226,"column":16},"end":{"line":1226,"column":38}},"373":{"start":{"line":1230,"column":8},"end":{"line":1230,"column":43}},"374":{"start":{"line":1240,"column":8},"end":{"line":1242,"column":11}},"375":{"start":{"line":1241,"column":12},"end":{"line":1241,"column":35}},"376":{"start":{"line":1251,"column":8},"end":{"line":1260,"column":null}},"377":{"start":{"line":1269,"column":8},"end":{"line":1327,"column":10}},"378":{"start":{"line":1297,"column":30},"end":{"line":1297,"column":61}},"379":{"start":{"line":1298,"column":16},"end":{"line":1298,"column":51}},"380":{"start":{"line":1299,"column":16},"end":{"line":1299,"column":56}},"381":{"start":{"line":1301,"column":16},"end":{"line":1323,"column":19}},"382":{"start":{"line":1302,"column":33},"end":{"line":1302,"column":50}},"383":{"start":{"line":1303,"column":35},"end":{"line":1303,"column":51}},"384":{"start":{"line":1305,"column":20},"end":{"line":1320,"column":23}},"385":{"start":{"line":1306,"column":24},"end":{"line":1308,"column":null}},"386":{"start":{"line":1307,"column":28},"end":{"line":1307,"column":35}},"387":{"start":{"line":1312,"column":35},"end":{"line":1312,"column":66}},"388":{"start":{"line":1313,"column":42},"end":{"line":1313,"column":85}},"389":{"start":{"line":1314,"column":39},"end":{"line":1314,"column":66}},"390":{"start":{"line":1315,"column":41},"end":{"line":1315,"column":75}},"391":{"start":{"line":1316,"column":24},"end":{"line":1316,"column":48}},"392":{"start":{"line":1319,"column":24},"end":{"line":1319,"column":69}},"393":{"start":{"line":1322,"column":20},"end":{"line":1322,"column":47}},"394":{"start":{"line":1325,"column":16},"end":{"line":1325,"column":30}},"395":{"start":{"line":1337,"column":8},"end":{"line":1337,"column":28}},"396":{"start":{"line":1338,"column":8},"end":{"line":1338,"column":44}},"397":{"start":{"line":1340,"column":21},"end":{"line":1340,"column":23}},"398":{"start":{"line":1342,"column":8},"end":{"line":1359,"column":null}},"399":{"start":{"line":1343,"column":22},"end":{"line":1343,"column":34}},"400":{"start":{"line":1345,"column":12},"end":{"line":1347,"column":null}},"401":{"start":{"line":1346,"column":16},"end":{"line":1346,"column":24}},"402":{"start":{"line":1349,"column":12},"end":{"line":1358,"column":null}},"403":{"start":{"line":1350,"column":16},"end":{"line":1350,"column":42}},"404":{"start":{"line":1351,"column":19},"end":{"line":1358,"column":null}},"405":{"start":{"line":1352,"column":16},"end":{"line":1352,"column":52}},"406":{"start":{"line":1353,"column":19},"end":{"line":1358,"column":null}},"407":{"start":{"line":1354,"column":16},"end":{"line":1354,"column":80}},"408":{"start":{"line":1355,"column":16},"end":{"line":1355,"column":56}},"409":{"start":{"line":1357,"column":16},"end":{"line":1357,"column":33}},"410":{"start":{"line":1361,"column":8},"end":{"line":1363,"column":null}},"411":{"start":{"line":1362,"column":12},"end":{"line":1362,"column":37}},"412":{"start":{"line":1365,"column":30},"end":{"line":1374,"column":10}},"413":{"start":{"line":1376,"column":8},"end":{"line":1380,"column":null}},"414":{"start":{"line":1377,"column":12},"end":{"line":1379,"column":null}},"415":{"start":{"line":1378,"column":16},"end":{"line":1378,"column":35}},"416":{"start":{"line":1382,"column":8},"end":{"line":1382,"column":28}},"417":{"start":{"line":1394,"column":33},"end":{"line":1394,"column":44}},"418":{"start":{"line":1396,"column":8},"end":{"line":1400,"column":48}},"419":{"start":{"line":1402,"column":22},"end":{"line":1402,"column":68}},"420":{"start":{"line":1404,"column":28},"end":{"line":1404,"column":56}},"421":{"start":{"line":1406,"column":23},"end":{"line":1406,"column":25}},"422":{"start":{"line":1408,"column":8},"end":{"line":1413,"column":null}},"423":{"start":{"line":1409,"column":27},"end":{"line":1409,"column":55}},"424":{"start":{"line":1410,"column":12},"end":{"line":1412,"column":null}},"425":{"start":{"line":1411,"column":16},"end":{"line":1411,"column":67}},"426":{"start":{"line":1415,"column":8},"end":{"line":1415,"column":22}},"427":{"start":{"line":1426,"column":8},"end":{"line":1428,"column":null}},"428":{"start":{"line":1427,"column":12},"end":{"line":1427,"column":19}},"429":{"start":{"line":1430,"column":21},"end":{"line":1430,"column":36}},"430":{"start":{"line":1432,"column":8},"end":{"line":1446,"column":null}},"431":{"start":{"line":1433,"column":12},"end":{"line":1435,"column":null}},"432":{"start":{"line":1434,"column":16},"end":{"line":1434,"column":62}},"433":{"start":{"line":1436,"column":15},"end":{"line":1446,"column":null}},"434":{"start":{"line":1437,"column":12},"end":{"line":1437,"column":45}},"435":{"start":{"line":1438,"column":12},"end":{"line":1438,"column":42}},"436":{"start":{"line":1439,"column":12},"end":{"line":1439,"column":52}},"437":{"start":{"line":1440,"column":12},"end":{"line":1440,"column":45}},"438":{"start":{"line":1441,"column":12},"end":{"line":1441,"column":44}},"439":{"start":{"line":1442,"column":12},"end":{"line":1442,"column":44}},"440":{"start":{"line":1444,"column":12},"end":{"line":1444,"column":44}},"441":{"start":{"line":1445,"column":12},"end":{"line":1445,"column":44}},"442":{"start":{"line":1448,"column":23},"end":{"line":1448,"column":46}},"443":{"start":{"line":1450,"column":8},"end":{"line":1452,"column":null}},"444":{"start":{"line":1451,"column":12},"end":{"line":1451,"column":65}},"445":{"start":{"line":1454,"column":8},"end":{"line":1454,"column":22}},"446":{"start":{"line":1480,"column":23},"end":{"line":1488,"column":10}},"447":{"start":{"line":1490,"column":27},"end":{"line":1490,"column":146}},"448":{"start":{"line":1491,"column":27},"end":{"line":1491,"column":62}},"449":{"start":{"line":1493,"column":8},"end":{"line":1495,"column":null}},"450":{"start":{"line":1494,"column":12},"end":{"line":1494,"column":26}},"451":{"start":{"line":1497,"column":30},"end":{"line":1497,"column":62}},"452":{"start":{"line":1500,"column":8},"end":{"line":1500,"column":70}},"453":{"start":{"line":1503,"column":8},"end":{"line":1503,"column":68}},"454":{"start":{"line":1506,"column":25},"end":{"line":1506,"column":54}},"455":{"start":{"line":1507,"column":8},"end":{"line":1513,"column":null}},"456":{"start":{"line":1508,"column":12},"end":{"line":1508,"column":71}},"457":{"start":{"line":1509,"column":12},"end":{"line":1509,"column":70}},"458":{"start":{"line":1511,"column":12},"end":{"line":1511,"column":35}},"459":{"start":{"line":1512,"column":12},"end":{"line":1512,"column":70}},"460":{"start":{"line":1516,"column":8},"end":{"line":1516,"column":73}},"461":{"start":{"line":1519,"column":27},"end":{"line":1521,"column":23}},"462":{"start":{"line":1523,"column":8},"end":{"line":1541,"column":null}},"463":{"start":{"line":1524,"column":12},"end":{"line":1524,"column":58}},"464":{"start":{"line":1526,"column":29},"end":{"line":1526,"column":89}},"465":{"start":{"line":1527,"column":31},"end":{"line":1527,"column":49}},"466":{"start":{"line":1528,"column":12},"end":{"line":1530,"column":null}},"467":{"start":{"line":1529,"column":16},"end":{"line":1529,"column":24}},"468":{"start":{"line":1532,"column":30},"end":{"line":1532,"column":79}},"469":{"start":{"line":1533,"column":12},"end":{"line":1535,"column":null}},"470":{"start":{"line":1534,"column":16},"end":{"line":1534,"column":25}},"471":{"start":{"line":1536,"column":12},"end":{"line":1540,"column":15}},"472":{"start":{"line":1544,"column":8},"end":{"line":1544,"column":40}},"473":{"start":{"line":1546,"column":8},"end":{"line":1546,"column":22}},"474":{"start":{"line":1556,"column":21},"end":{"line":1556,"column":30}},"475":{"start":{"line":1558,"column":8},"end":{"line":1560,"column":null}},"476":{"start":{"line":1559,"column":12},"end":{"line":1559,"column":32}},"477":{"start":{"line":1562,"column":8},"end":{"line":1562,"column":27}},"478":{"start":{"line":1564,"column":8},"end":{"line":1566,"column":null}},"479":{"start":{"line":1565,"column":12},"end":{"line":1565,"column":39}},"480":{"start":{"line":1568,"column":8},"end":{"line":1570,"column":null}},"481":{"start":{"line":1569,"column":12},"end":{"line":1569,"column":54}},"482":{"start":{"line":1572,"column":8},"end":{"line":1572,"column":90}},"483":{"start":{"line":1574,"column":8},"end":{"line":1574,"column":53}},"484":{"start":{"line":1576,"column":29},"end":{"line":1576,"column":76}},"485":{"start":{"line":1576,"column":64},"end":{"line":1576,"column":76}},"486":{"start":{"line":1578,"column":8},"end":{"line":1580,"column":null}},"487":{"start":{"line":1579,"column":12},"end":{"line":1579,"column":29}},"488":{"start":{"line":1582,"column":8},"end":{"line":1603,"column":27}},"489":{"start":{"line":1583,"column":27},"end":{"line":1583,"column":29}},"490":{"start":{"line":1585,"column":16},"end":{"line":1591,"column":null}},"491":{"start":{"line":1587,"column":20},"end":{"line":1587,"column":37}},"492":{"start":{"line":1590,"column":20},"end":{"line":1590,"column":51}},"493":{"start":{"line":1593,"column":16},"end":{"line":1595,"column":null}},"494":{"start":{"line":1594,"column":20},"end":{"line":1594,"column":56}},"495":{"start":{"line":1597,"column":16},"end":{"line":1599,"column":null}},"496":{"start":{"line":1598,"column":20},"end":{"line":1598,"column":57}},"497":{"start":{"line":1601,"column":16},"end":{"line":1601,"column":28}},"498":{"start":{"line":1605,"column":8},"end":{"line":1607,"column":null}},"499":{"start":{"line":1606,"column":12},"end":{"line":1606,"column":27}},"500":{"start":{"line":1609,"column":8},"end":{"line":1609,"column":22}},"501":{"start":{"line":1611,"column":8},"end":{"line":1613,"column":null}},"502":{"start":{"line":1612,"column":12},"end":{"line":1612,"column":51}},"503":{"start":{"line":1615,"column":8},"end":{"line":1615,"column":22}},"504":{"start":{"line":1626,"column":23},"end":{"line":1626,"column":51}},"505":{"start":{"line":1628,"column":8},"end":{"line":1628,"column":40}},"506":{"start":{"line":1630,"column":8},"end":{"line":1630,"column":47}},"507":{"start":{"line":1642,"column":8},"end":{"line":1644,"column":null}},"508":{"start":{"line":1643,"column":12},"end":{"line":1643,"column":23}},"509":{"start":{"line":1646,"column":23},"end":{"line":1646,"column":51}},"510":{"start":{"line":1648,"column":24},"end":{"line":1648,"column":29}},"511":{"start":{"line":1649,"column":8},"end":{"line":1654,"column":null}},"512":{"start":{"line":1650,"column":12},"end":{"line":1653,"column":null}},"513":{"start":{"line":1651,"column":16},"end":{"line":1651,"column":37}},"514":{"start":{"line":1652,"column":16},"end":{"line":1652,"column":33}},"515":{"start":{"line":1656,"column":8},"end":{"line":1656,"column":65}},"516":{"start":{"line":23,"column":0},"end":{"line":23,"column":21}}},"fnMap":{"0":{"name":"(anonymous_7)","decl":{"start":{"line":30,"column":4},"end":{"line":30,"column":10}},"loc":{"start":{"line":30,"column":25},"end":{"line":32,"column":5}}},"1":{"name":"(anonymous_8)","decl":{"start":{"line":40,"column":4},"end":{"line":40,"column":10}},"loc":{"start":{"line":40,"column":22},"end":{"line":42,"column":5}}},"2":{"name":"(anonymous_9)","decl":{"start":{"line":56,"column":4},"end":{"line":56,"column":10}},"loc":{"start":{"line":56,"column":24},"end":{"line":67,"column":5}}},"3":{"name":"(anonymous_10)","decl":{"start":{"line":75,"column":4},"end":{"line":75,"column":10}},"loc":{"start":{"line":75,"column":26},"end":{"line":84,"column":5}}},"4":{"name":"(anonymous_11)","decl":{"start":{"line":92,"column":4},"end":{"line":92,"column":10}},"loc":{"start":{"line":92,"column":30},"end":{"line":102,"column":5}}},"5":{"name":"(anonymous_12)","decl":{"start":{"line":110,"column":4},"end":{"line":110,"column":10}},"loc":{"start":{"line":110,"column":31},"end":{"line":118,"column":5}}},"6":{"name":"(anonymous_13)","decl":{"start":{"line":127,"column":4},"end":{"line":127,"column":10}},"loc":{"start":{"line":127,"column":42},"end":{"line":133,"column":5}}},"7":{"name":"(anonymous_14)","decl":{"start":{"line":142,"column":4},"end":{"line":142,"column":10}},"loc":{"start":{"line":142,"column":29},"end":{"line":152,"column":5}}},"8":{"name":"(anonymous_15)","decl":{"start":{"line":160,"column":4},"end":{"line":160,"column":10}},"loc":{"start":{"line":160,"column":35},"end":{"line":169,"column":5}}},"9":{"name":"(anonymous_16)","decl":{"start":{"line":177,"column":4},"end":{"line":177,"column":10}},"loc":{"start":{"line":177,"column":32},"end":{"line":181,"column":5}}},"10":{"name":"(anonymous_17)","decl":{"start":{"line":191,"column":4},"end":{"line":191,"column":10}},"loc":{"start":{"line":191,"column":43},"end":{"line":201,"column":5}}},"11":{"name":"(anonymous_18)","decl":{"start":{"line":210,"column":4},"end":{"line":210,"column":10}},"loc":{"start":{"line":210,"column":37},"end":{"line":222,"column":5}}},"12":{"name":"(anonymous_19)","decl":{"start":{"line":231,"column":4},"end":{"line":231,"column":10}},"loc":{"start":{"line":231,"column":45},"end":{"line":238,"column":5}}},"13":{"name":"(anonymous_20)","decl":{"start":{"line":247,"column":4},"end":{"line":247,"column":10}},"loc":{"start":{"line":247,"column":58},"end":{"line":256,"column":5}}},"14":{"name":"(anonymous_21)","decl":{"start":{"line":265,"column":4},"end":{"line":265,"column":10}},"loc":{"start":{"line":265,"column":55},"end":{"line":275,"column":5}}},"15":{"name":"(anonymous_22)","decl":{"start":{"line":284,"column":4},"end":{"line":284,"column":10}},"loc":{"start":{"line":284,"column":51},"end":{"line":295,"column":5}}},"16":{"name":"(anonymous_23)","decl":{"start":{"line":314,"column":4},"end":{"line":314,"column":10}},"loc":{"start":{"line":314,"column":70},"end":{"line":330,"column":5}}},"17":{"name":"(anonymous_24)","decl":{"start":{"line":345,"column":4},"end":{"line":345,"column":10}},"loc":{"start":{"line":345,"column":58},"end":{"line":367,"column":5}}},"18":{"name":"(anonymous_25)","decl":{"start":{"line":383,"column":4},"end":{"line":383,"column":10}},"loc":{"start":{"line":383,"column":51},"end":{"line":419,"column":5}}},"19":{"name":"(anonymous_26)","decl":{"start":{"line":427,"column":4},"end":{"line":427,"column":10}},"loc":{"start":{"line":427,"column":30},"end":{"line":438,"column":5}}},"20":{"name":"(anonymous_27)","decl":{"start":{"line":447,"column":4},"end":{"line":447,"column":10}},"loc":{"start":{"line":447,"column":42},"end":{"line":467,"column":5}}},"21":{"name":"(anonymous_28)","decl":{"start":{"line":478,"column":4},"end":{"line":478,"column":10}},"loc":{"start":{"line":478,"column":30},"end":{"line":488,"column":5}}},"22":{"name":"(anonymous_29)","decl":{"start":{"line":496,"column":4},"end":{"line":496,"column":10}},"loc":{"start":{"line":496,"column":24},"end":{"line":504,"column":5}}},"23":{"name":"(anonymous_30)","decl":{"start":{"line":514,"column":4},"end":{"line":514,"column":10}},"loc":{"start":{"line":514,"column":50},"end":{"line":522,"column":5}}},"24":{"name":"(anonymous_31)","decl":{"start":{"line":530,"column":4},"end":{"line":530,"column":10}},"loc":{"start":{"line":530,"column":29},"end":{"line":544,"column":5}}},"25":{"name":"(anonymous_32)","decl":{"start":{"line":554,"column":4},"end":{"line":554,"column":10}},"loc":{"start":{"line":554,"column":68},"end":{"line":608,"column":5}}},"26":{"name":"(anonymous_33)","decl":{"start":{"line":618,"column":4},"end":{"line":618,"column":10}},"loc":{"start":{"line":618,"column":27},"end":{"line":620,"column":5}}},"27":{"name":"(anonymous_34)","decl":{"start":{"line":629,"column":4},"end":{"line":629,"column":10}},"loc":{"start":{"line":629,"column":45},"end":{"line":641,"column":5}}},"28":{"name":"(anonymous_35)","decl":{"start":{"line":650,"column":4},"end":{"line":650,"column":10}},"loc":{"start":{"line":650,"column":47},"end":{"line":661,"column":5}}},"29":{"name":"(anonymous_36)","decl":{"start":{"line":670,"column":4},"end":{"line":670,"column":10}},"loc":{"start":{"line":670,"column":26},"end":{"line":684,"column":5}}},"30":{"name":"(anonymous_37)","decl":{"start":{"line":692,"column":4},"end":{"line":692,"column":10}},"loc":{"start":{"line":692,"column":27},"end":{"line":705,"column":5}}},"31":{"name":"(anonymous_38)","decl":{"start":{"line":714,"column":4},"end":{"line":714,"column":10}},"loc":{"start":{"line":714,"column":63},"end":{"line":716,"column":5}}},"32":{"name":"(anonymous_39)","decl":{"start":{"line":725,"column":4},"end":{"line":725,"column":10}},"loc":{"start":{"line":725,"column":65},"end":{"line":727,"column":5}}},"33":{"name":"(anonymous_40)","decl":{"start":{"line":735,"column":4},"end":{"line":735,"column":10}},"loc":{"start":{"line":735,"column":37},"end":{"line":745,"column":null}}},"34":{"name":"(anonymous_42)","decl":{"start":{"line":742,"column":64},"end":{"line":742,"column":65}},"loc":{"start":{"line":742,"column":72},"end":{"line":744,"column":9}}},"35":{"name":"(anonymous_43)","decl":{"start":{"line":753,"column":4},"end":{"line":753,"column":10}},"loc":{"start":{"line":753,"column":33},"end":{"line":761,"column":5}}},"36":{"name":"(anonymous_44)","decl":{"start":{"line":769,"column":4},"end":{"line":769,"column":10}},"loc":{"start":{"line":769,"column":28},"end":{"line":783,"column":5}}},"37":{"name":"(anonymous_45)","decl":{"start":{"line":791,"column":4},"end":{"line":791,"column":10}},"loc":{"start":{"line":791,"column":37},"end":{"line":793,"column":5}}},"38":{"name":"(anonymous_46)","decl":{"start":{"line":792,"column":38},"end":{"line":792,"column":39}},"loc":{"start":{"line":792,"column":47},"end":{"line":792,"column":83}}},"39":{"name":"(anonymous_47)","decl":{"start":{"line":801,"column":4},"end":{"line":801,"column":10}},"loc":{"start":{"line":801,"column":37},"end":{"line":803,"column":5}}},"40":{"name":"(anonymous_48)","decl":{"start":{"line":802,"column":38},"end":{"line":802,"column":39}},"loc":{"start":{"line":802,"column":47},"end":{"line":802,"column":83}}},"41":{"name":"(anonymous_49)","decl":{"start":{"line":811,"column":4},"end":{"line":811,"column":10}},"loc":{"start":{"line":811,"column":37},"end":{"line":813,"column":5}}},"42":{"name":"(anonymous_50)","decl":{"start":{"line":812,"column":38},"end":{"line":812,"column":39}},"loc":{"start":{"line":812,"column":47},"end":{"line":812,"column":83}}},"43":{"name":"(anonymous_51)","decl":{"start":{"line":821,"column":4},"end":{"line":821,"column":10}},"loc":{"start":{"line":821,"column":40},"end":{"line":823,"column":5}}},"44":{"name":"(anonymous_52)","decl":{"start":{"line":822,"column":41},"end":{"line":822,"column":42}},"loc":{"start":{"line":822,"column":50},"end":{"line":822,"column":86}}},"45":{"name":"(anonymous_53)","decl":{"start":{"line":831,"column":4},"end":{"line":831,"column":10}},"loc":{"start":{"line":831,"column":31},"end":{"line":837,"column":5}}},"46":{"name":"(anonymous_54)","decl":{"start":{"line":848,"column":4},"end":{"line":848,"column":10}},"loc":{"start":{"line":848,"column":56},"end":{"line":885,"column":5}}},"47":{"name":"(anonymous_55)","decl":{"start":{"line":849,"column":27},"end":{"line":849,"column":28}},"loc":{"start":{"line":849,"column":39},"end":{"line":884,"column":9}}},"48":{"name":"(anonymous_56)","decl":{"start":{"line":852,"column":28},"end":{"line":852,"column":37}},"loc":{"start":{"line":852,"column":38},"end":{"line":881,"column":13}}},"49":{"name":"(anonymous_57)","decl":{"start":{"line":855,"column":29},"end":{"line":855,"column":null}},"loc":{"start":{"line":855,"column":29},"end":{"line":878,"column":17}}},"50":{"name":"(anonymous_58)","decl":{"start":{"line":894,"column":4},"end":{"line":894,"column":10}},"loc":{"start":{"line":894,"column":50},"end":{"line":914,"column":5}}},"51":{"name":"(anonymous_59)","decl":{"start":{"line":922,"column":4},"end":{"line":922,"column":10}},"loc":{"start":{"line":922,"column":43},"end":{"line":985,"column":5}}},"52":{"name":"(anonymous_60)","decl":{"start":{"line":993,"column":4},"end":{"line":993,"column":10}},"loc":{"start":{"line":993,"column":47},"end":{"line":1033,"column":5}}},"53":{"name":"(anonymous_61)","decl":{"start":{"line":1041,"column":4},"end":{"line":1041,"column":10}},"loc":{"start":{"line":1041,"column":37},"end":{"line":1050,"column":5}}},"54":{"name":"(anonymous_62)","decl":{"start":{"line":1058,"column":4},"end":{"line":1058,"column":10}},"loc":{"start":{"line":1058,"column":32},"end":{"line":1089,"column":5}}},"55":{"name":"(anonymous_63)","decl":{"start":{"line":1097,"column":4},"end":{"line":1097,"column":10}},"loc":{"start":{"line":1097,"column":34},"end":{"line":1114,"column":5}}},"56":{"name":"(anonymous_64)","decl":{"start":{"line":1122,"column":4},"end":{"line":1122,"column":10}},"loc":{"start":{"line":1122,"column":31},"end":{"line":1141,"column":5}}},"57":{"name":"(anonymous_65)","decl":{"start":{"line":1149,"column":4},"end":{"line":1149,"column":10}},"loc":{"start":{"line":1149,"column":36},"end":{"line":1155,"column":5}}},"58":{"name":"(anonymous_66)","decl":{"start":{"line":1165,"column":4},"end":{"line":1165,"column":10}},"loc":{"start":{"line":1165,"column":87},"end":{"line":1207,"column":5}}},"59":{"name":"(anonymous_67)","decl":{"start":{"line":1181,"column":47},"end":{"line":1181,"column":48}},"loc":{"start":{"line":1181,"column":60},"end":{"line":1183,"column":9}}},"60":{"name":"(anonymous_68)","decl":{"start":{"line":1184,"column":45},"end":{"line":1184,"column":46}},"loc":{"start":{"line":1184,"column":58},"end":{"line":1186,"column":9}}},"61":{"name":"(anonymous_69)","decl":{"start":{"line":1187,"column":47},"end":{"line":1187,"column":48}},"loc":{"start":{"line":1187,"column":60},"end":{"line":1200,"column":9}}},"62":{"name":"(anonymous_70)","decl":{"start":{"line":1215,"column":4},"end":{"line":1215,"column":10}},"loc":{"start":{"line":1215,"column":43},"end":{"line":1231,"column":5}}},"63":{"name":"(anonymous_71)","decl":{"start":{"line":1239,"column":4},"end":{"line":1239,"column":10}},"loc":{"start":{"line":1239,"column":22},"end":{"line":1243,"column":5}}},"64":{"name":"(anonymous_72)","decl":{"start":{"line":1240,"column":27},"end":{"line":1240,"column":28}},"loc":{"start":{"line":1240,"column":39},"end":{"line":1242,"column":9}}},"65":{"name":"(anonymous_73)","decl":{"start":{"line":1250,"column":4},"end":{"line":1250,"column":10}},"loc":{"start":{"line":1250,"column":34},"end":{"line":1261,"column":5}}},"66":{"name":"(anonymous_74)","decl":{"start":{"line":1268,"column":4},"end":{"line":1268,"column":10}},"loc":{"start":{"line":1268,"column":31},"end":{"line":1328,"column":5}}},"67":{"name":"(anonymous_75)","decl":{"start":{"line":1296,"column":34},"end":{"line":1296,"column":35}},"loc":{"start":{"line":1296,"column":54},"end":{"line":1326,"column":13}}},"68":{"name":"(anonymous_76)","decl":{"start":{"line":1301,"column":49},"end":{"line":1301,"column":50}},"loc":{"start":{"line":1301,"column":55},"end":{"line":1323,"column":17}}},"69":{"name":"(anonymous_77)","decl":{"start":{"line":1305,"column":52},"end":{"line":1305,"column":55}},"loc":{"start":{"line":1305,"column":57},"end":{"line":1320,"column":21}}},"70":{"name":"(anonymous_78)","decl":{"start":{"line":1336,"column":4},"end":{"line":1336,"column":10}},"loc":{"start":{"line":1336,"column":66},"end":{"line":1383,"column":5}}},"71":{"name":"(anonymous_79)","decl":{"start":{"line":1393,"column":4},"end":{"line":1393,"column":10}},"loc":{"start":{"line":1393,"column":46},"end":{"line":1416,"column":5}}},"72":{"name":"(anonymous_80)","decl":{"start":{"line":1425,"column":4},"end":{"line":1425,"column":10}},"loc":{"start":{"line":1425,"column":62},"end":{"line":1455,"column":5}}},"73":{"name":"(anonymous_81)","decl":{"start":{"line":1479,"column":4},"end":{"line":1479,"column":10}},"loc":{"start":{"line":1479,"column":25},"end":{"line":1547,"column":5}}},"74":{"name":"(anonymous_82)","decl":{"start":{"line":1555,"column":4},"end":{"line":1555,"column":10}},"loc":{"start":{"line":1555,"column":32},"end":{"line":1616,"column":5}}},"75":{"name":"(anonymous_83)","decl":{"start":{"line":1576,"column":55},"end":{"line":1576,"column":56}},"loc":{"start":{"line":1576,"column":64},"end":{"line":1576,"column":76}}},"76":{"name":"(anonymous_84)","decl":{"start":{"line":1582,"column":35},"end":{"line":1582,"column":36}},"loc":{"start":{"line":1582,"column":43},"end":{"line":1602,"column":13}}},"77":{"name":"(anonymous_85)","decl":{"start":{"line":1625,"column":4},"end":{"line":1625,"column":10}},"loc":{"start":{"line":1625,"column":50},"end":{"line":1631,"column":5}}},"78":{"name":"(anonymous_86)","decl":{"start":{"line":1641,"column":4},"end":{"line":1641,"column":10}},"loc":{"start":{"line":1641,"column":55},"end":{"line":1657,"column":5}}}},"branchMap":{"0":{"loc":{"start":{"line":31,"column":15},"end":{"line":31,"column":90}},"type":"binary-expr","locations":[{"start":{"line":31,"column":15},"end":{"line":31,"column":29}},{"start":{"line":31,"column":33},"end":{"line":31,"column":58}},{"start":{"line":31,"column":62},"end":{"line":31,"column":90}}]},"1":{"loc":{"start":{"line":41,"column":15},"end":{"line":41,"column":114}},"type":"cond-expr","locations":[{"start":{"line":41,"column":56},"end":{"line":41,"column":78}},{"start":{"line":41,"column":81},"end":{"line":41,"column":114}}]},"2":{"loc":{"start":{"line":58,"column":12},"end":{"line":65,"column":77}},"type":"binary-expr","locations":[{"start":{"line":58,"column":13},"end":{"line":58,"column":25}},{"start":{"line":59,"column":13},"end":{"line":59,"column":27}},{"start":{"line":60,"column":13},"end":{"line":60,"column":61}},{"start":{"line":61,"column":13},"end":{"line":61,"column":49}},{"start":{"line":62,"column":13},"end":{"line":62,"column":35}},{"start":{"line":63,"column":13},"end":{"line":63,"column":41}},{"start":{"line":64,"column":13},"end":{"line":64,"column":33}},{"start":{"line":64,"column":37},"end":{"line":64,"column":55}},{"start":{"line":65,"column":13},"end":{"line":65,"column":41}},{"start":{"line":65,"column":45},"end":{"line":65,"column":76}}]},"3":{"loc":{"start":{"line":76,"column":22},"end":{"line":76,"column":85}},"type":"cond-expr","locations":[{"start":{"line":76,"column":51},"end":{"line":76,"column":80}},{"start":{"line":76,"column":83},"end":{"line":76,"column":85}}]},"4":{"loc":{"start":{"line":76,"column":22},"end":{"line":76,"column":48}},"type":"binary-expr","locations":[{"start":{"line":76,"column":22},"end":{"line":76,"column":29}},{"start":{"line":76,"column":33},"end":{"line":76,"column":48}}]},"5":{"loc":{"start":{"line":79,"column":12},"end":{"line":82,"column":37}},"type":"binary-expr","locations":[{"start":{"line":79,"column":12},"end":{"line":79,"column":31}},{"start":{"line":80,"column":12},"end":{"line":80,"column":32}},{"start":{"line":81,"column":12},"end":{"line":81,"column":34}},{"start":{"line":82,"column":12},"end":{"line":82,"column":37}}]},"6":{"loc":{"start":{"line":93,"column":22},"end":{"line":93,"column":85}},"type":"cond-expr","locations":[{"start":{"line":93,"column":51},"end":{"line":93,"column":80}},{"start":{"line":93,"column":83},"end":{"line":93,"column":85}}]},"7":{"loc":{"start":{"line":93,"column":22},"end":{"line":93,"column":48}},"type":"binary-expr","locations":[{"start":{"line":93,"column":22},"end":{"line":93,"column":29}},{"start":{"line":93,"column":33},"end":{"line":93,"column":48}}]},"8":{"loc":{"start":{"line":96,"column":12},"end":{"line":100,"column":33}},"type":"binary-expr","locations":[{"start":{"line":96,"column":12},"end":{"line":96,"column":41}},{"start":{"line":97,"column":12},"end":{"line":97,"column":32}},{"start":{"line":98,"column":12},"end":{"line":98,"column":27}},{"start":{"line":99,"column":12},"end":{"line":99,"column":33}},{"start":{"line":100,"column":12},"end":{"line":100,"column":33}}]},"9":{"loc":{"start":{"line":112,"column":12},"end":{"line":114,"column":null}},"type":"if","locations":[{"start":{"line":112,"column":12},"end":{"line":114,"column":null}}]},"10":{"loc":{"start":{"line":127,"column":24},"end":{"line":127,"column":42}},"type":"default-arg","locations":[{"start":{"line":127,"column":37},"end":{"line":127,"column":42}}]},"11":{"loc":{"start":{"line":128,"column":8},"end":{"line":130,"column":null}},"type":"if","locations":[{"start":{"line":128,"column":8},"end":{"line":130,"column":null}}]},"12":{"loc":{"start":{"line":132,"column":15},"end":{"line":132,"column":100}},"type":"cond-expr","locations":[{"start":{"line":132,"column":90},"end":{"line":132,"column":95}},{"start":{"line":132,"column":98},"end":{"line":132,"column":100}}]},"13":{"loc":{"start":{"line":132,"column":15},"end":{"line":132,"column":87}},"type":"binary-expr","locations":[{"start":{"line":132,"column":16},"end":{"line":132,"column":26}},{"start":{"line":132,"column":30},"end":{"line":132,"column":56}},{"start":{"line":132,"column":61},"end":{"line":132,"column":87}}]},"14":{"loc":{"start":{"line":143,"column":14},"end":{"line":143,"column":43}},"type":"cond-expr","locations":[{"start":{"line":143,"column":35},"end":{"line":143,"column":38}},{"start":{"line":143,"column":41},"end":{"line":143,"column":43}}]},"15":{"loc":{"start":{"line":146,"column":12},"end":{"line":148,"column":null}},"type":"if","locations":[{"start":{"line":146,"column":12},"end":{"line":148,"column":null}}]},"16":{"loc":{"start":{"line":161,"column":14},"end":{"line":161,"column":43}},"type":"cond-expr","locations":[{"start":{"line":161,"column":35},"end":{"line":161,"column":38}},{"start":{"line":161,"column":41},"end":{"line":161,"column":43}}]},"17":{"loc":{"start":{"line":164,"column":12},"end":{"line":167,"column":null}},"type":"if","locations":[{"start":{"line":164,"column":12},"end":{"line":167,"column":null}}]},"18":{"loc":{"start":{"line":178,"column":8},"end":{"line":180,"column":null}},"type":"if","locations":[{"start":{"line":178,"column":8},"end":{"line":180,"column":null}}]},"19":{"loc":{"start":{"line":192,"column":21},"end":{"line":192,"column":64}},"type":"cond-expr","locations":[{"start":{"line":192,"column":49},"end":{"line":192,"column":59}},{"start":{"line":192,"column":62},"end":{"line":192,"column":64}}]},"20":{"loc":{"start":{"line":195,"column":12},"end":{"line":197,"column":null}},"type":"if","locations":[{"start":{"line":195,"column":12},"end":{"line":197,"column":null}}]},"21":{"loc":{"start":{"line":211,"column":21},"end":{"line":211,"column":64}},"type":"cond-expr","locations":[{"start":{"line":211,"column":49},"end":{"line":211,"column":59}},{"start":{"line":211,"column":62},"end":{"line":211,"column":64}}]},"22":{"loc":{"start":{"line":216,"column":41},"end":{"line":216,"column":73}},"type":"binary-expr","locations":[{"start":{"line":216,"column":41},"end":{"line":216,"column":67}},{"start":{"line":216,"column":71},"end":{"line":216,"column":73}}]},"23":{"loc":{"start":{"line":233,"column":12},"end":{"line":236,"column":null}},"type":"if","locations":[{"start":{"line":233,"column":12},"end":{"line":236,"column":null}}]},"24":{"loc":{"start":{"line":247,"column":48},"end":{"line":247,"column":58}},"type":"default-arg","locations":[{"start":{"line":247,"column":54},"end":{"line":247,"column":58}}]},"25":{"loc":{"start":{"line":249,"column":12},"end":{"line":252,"column":null}},"type":"if","locations":[{"start":{"line":249,"column":12},"end":{"line":252,"column":null}}]},"26":{"loc":{"start":{"line":265,"column":45},"end":{"line":265,"column":55}},"type":"default-arg","locations":[{"start":{"line":265,"column":51},"end":{"line":265,"column":55}}]},"27":{"loc":{"start":{"line":266,"column":21},"end":{"line":266,"column":64}},"type":"cond-expr","locations":[{"start":{"line":266,"column":49},"end":{"line":266,"column":59}},{"start":{"line":266,"column":62},"end":{"line":266,"column":64}}]},"28":{"loc":{"start":{"line":284,"column":36},"end":{"line":284,"column":51}},"type":"default-arg","locations":[{"start":{"line":284,"column":43},"end":{"line":284,"column":51}}]},"29":{"loc":{"start":{"line":285,"column":49},"end":{"line":285,"column":58}},"type":"binary-expr","locations":[{"start":{"line":285,"column":49},"end":{"line":285,"column":52}},{"start":{"line":285,"column":56},"end":{"line":285,"column":58}}]},"30":{"loc":{"start":{"line":288,"column":12},"end":{"line":292,"column":null}},"type":"if","locations":[{"start":{"line":288,"column":12},"end":{"line":292,"column":null}},{"start":{"line":290,"column":19},"end":{"line":292,"column":null}}]},"31":{"loc":{"start":{"line":288,"column":16},"end":{"line":288,"column":73}},"type":"binary-expr","locations":[{"start":{"line":288,"column":16},"end":{"line":288,"column":48}},{"start":{"line":288,"column":52},"end":{"line":288,"column":73}}]},"32":{"loc":{"start":{"line":290,"column":19},"end":{"line":292,"column":null}},"type":"if","locations":[{"start":{"line":290,"column":19},"end":{"line":292,"column":null}}]},"33":{"loc":{"start":{"line":314,"column":36},"end":{"line":314,"column":53}},"type":"default-arg","locations":[{"start":{"line":314,"column":49},"end":{"line":314,"column":53}}]},"34":{"loc":{"start":{"line":314,"column":55},"end":{"line":314,"column":70}},"type":"default-arg","locations":[{"start":{"line":314,"column":67},"end":{"line":314,"column":70}}]},"35":{"loc":{"start":{"line":315,"column":21},"end":{"line":315,"column":31}},"type":"binary-expr","locations":[{"start":{"line":315,"column":21},"end":{"line":315,"column":25}},{"start":{"line":315,"column":29},"end":{"line":315,"column":31}}]},"36":{"loc":{"start":{"line":316,"column":22},"end":{"line":316,"column":32}},"type":"binary-expr","locations":[{"start":{"line":316,"column":22},"end":{"line":316,"column":26}},{"start":{"line":316,"column":30},"end":{"line":316,"column":32}}]},"37":{"loc":{"start":{"line":319,"column":12},"end":{"line":324,"column":null}},"type":"if","locations":[{"start":{"line":319,"column":12},"end":{"line":324,"column":null}}]},"38":{"loc":{"start":{"line":320,"column":16},"end":{"line":321,"column":51}},"type":"binary-expr","locations":[{"start":{"line":320,"column":17},"end":{"line":320,"column":47}},{"start":{"line":320,"column":51},"end":{"line":320,"column":73}},{"start":{"line":321,"column":16},"end":{"line":321,"column":51}}]},"39":{"loc":{"start":{"line":345,"column":43},"end":{"line":345,"column":58}},"type":"default-arg","locations":[{"start":{"line":345,"column":55},"end":{"line":345,"column":58}}]},"40":{"loc":{"start":{"line":346,"column":8},"end":{"line":349,"column":null}},"type":"if","locations":[{"start":{"line":346,"column":8},"end":{"line":349,"column":null}}]},"41":{"loc":{"start":{"line":346,"column":12},"end":{"line":346,"column":53}},"type":"binary-expr","locations":[{"start":{"line":346,"column":12},"end":{"line":346,"column":25}},{"start":{"line":346,"column":29},"end":{"line":346,"column":53}}]},"42":{"loc":{"start":{"line":356,"column":12},"end":{"line":361,"column":null}},"type":"if","locations":[{"start":{"line":356,"column":12},"end":{"line":361,"column":null}}]},"43":{"loc":{"start":{"line":357,"column":16},"end":{"line":358,"column":86}},"type":"binary-expr","locations":[{"start":{"line":357,"column":17},"end":{"line":357,"column":47}},{"start":{"line":357,"column":51},"end":{"line":357,"column":73}},{"start":{"line":358,"column":17},"end":{"line":358,"column":53}},{"start":{"line":358,"column":57},"end":{"line":358,"column":85}}]},"44":{"loc":{"start":{"line":383,"column":36},"end":{"line":383,"column":51}},"type":"default-arg","locations":[{"start":{"line":383,"column":48},"end":{"line":383,"column":51}}]},"45":{"loc":{"start":{"line":384,"column":23},"end":{"line":384,"column":33}},"type":"binary-expr","locations":[{"start":{"line":384,"column":23},"end":{"line":384,"column":27}},{"start":{"line":384,"column":31},"end":{"line":384,"column":33}}]},"46":{"loc":{"start":{"line":385,"column":24},"end":{"line":385,"column":34}},"type":"binary-expr","locations":[{"start":{"line":385,"column":24},"end":{"line":385,"column":28}},{"start":{"line":385,"column":32},"end":{"line":385,"column":34}}]},"47":{"loc":{"start":{"line":389,"column":12},"end":{"line":394,"column":null}},"type":"if","locations":[{"start":{"line":389,"column":12},"end":{"line":394,"column":null}}]},"48":{"loc":{"start":{"line":390,"column":16},"end":{"line":391,"column":86}},"type":"binary-expr","locations":[{"start":{"line":390,"column":17},"end":{"line":390,"column":47}},{"start":{"line":390,"column":51},"end":{"line":390,"column":73}},{"start":{"line":391,"column":17},"end":{"line":391,"column":53}},{"start":{"line":391,"column":57},"end":{"line":391,"column":85}}]},"49":{"loc":{"start":{"line":399,"column":8},"end":{"line":403,"column":null}},"type":"if","locations":[{"start":{"line":399,"column":8},"end":{"line":403,"column":null}},{"start":{"line":401,"column":15},"end":{"line":403,"column":null}}]},"50":{"loc":{"start":{"line":401,"column":15},"end":{"line":403,"column":null}},"type":"if","locations":[{"start":{"line":401,"column":15},"end":{"line":403,"column":null}}]},"51":{"loc":{"start":{"line":406,"column":8},"end":{"line":418,"column":null}},"type":"if","locations":[{"start":{"line":406,"column":8},"end":{"line":418,"column":null}}]},"52":{"loc":{"start":{"line":407,"column":12},"end":{"line":414,"column":null}},"type":"binary-expr","locations":[{"start":{"line":407,"column":12},"end":{"line":407,"column":28}},{"start":{"line":409,"column":17},"end":{"line":409,"column":38}},{"start":{"line":409,"column":42},"end":{"line":409,"column":56}},{"start":{"line":410,"column":17},"end":{"line":410,"column":46}},{"start":{"line":410,"column":50},"end":{"line":410,"column":77}},{"start":{"line":413,"column":17},"end":{"line":413,"column":36}},{"start":{"line":413,"column":40},"end":{"line":413,"column":55}},{"start":{"line":414,"column":17},"end":{"line":414,"column":44}},{"start":{"line":414,"column":48},"end":{"line":414,"column":76}}]},"53":{"loc":{"start":{"line":428,"column":17},"end":{"line":428,"column":29}},"type":"binary-expr","locations":[{"start":{"line":428,"column":17},"end":{"line":428,"column":23}},{"start":{"line":428,"column":27},"end":{"line":428,"column":29}}]},"54":{"loc":{"start":{"line":447,"column":26},"end":{"line":447,"column":42}},"type":"default-arg","locations":[{"start":{"line":447,"column":38},"end":{"line":447,"column":42}}]},"55":{"loc":{"start":{"line":448,"column":8},"end":{"line":450,"column":null}},"type":"if","locations":[{"start":{"line":448,"column":8},"end":{"line":450,"column":null}}]},"56":{"loc":{"start":{"line":453,"column":8},"end":{"line":455,"column":null}},"type":"if","locations":[{"start":{"line":453,"column":8},"end":{"line":455,"column":null}}]},"57":{"loc":{"start":{"line":459,"column":8},"end":{"line":464,"column":null}},"type":"if","locations":[{"start":{"line":459,"column":8},"end":{"line":464,"column":null}}]},"58":{"loc":{"start":{"line":461,"column":12},"end":{"line":463,"column":null}},"type":"if","locations":[{"start":{"line":461,"column":12},"end":{"line":463,"column":null}}]},"59":{"loc":{"start":{"line":461,"column":16},"end":{"line":461,"column":72}},"type":"binary-expr","locations":[{"start":{"line":461,"column":16},"end":{"line":461,"column":32}},{"start":{"line":461,"column":36},"end":{"line":461,"column":52}},{"start":{"line":461,"column":56},"end":{"line":461,"column":72}}]},"60":{"loc":{"start":{"line":479,"column":8},"end":{"line":485,"column":null}},"type":"if","locations":[{"start":{"line":479,"column":8},"end":{"line":485,"column":null}}]},"61":{"loc":{"start":{"line":480,"column":12},"end":{"line":482,"column":39}},"type":"binary-expr","locations":[{"start":{"line":480,"column":12},"end":{"line":480,"column":34}},{"start":{"line":481,"column":13},"end":{"line":481,"column":26}},{"start":{"line":481,"column":31},"end":{"line":481,"column":44}},{"start":{"line":481,"column":48},"end":{"line":481,"column":61}},{"start":{"line":482,"column":12},"end":{"line":482,"column":39}}]},"62":{"loc":{"start":{"line":497,"column":8},"end":{"line":499,"column":null}},"type":"if","locations":[{"start":{"line":497,"column":8},"end":{"line":499,"column":null}}]},"63":{"loc":{"start":{"line":503,"column":16},"end":{"line":503,"column":40}},"type":"binary-expr","locations":[{"start":{"line":503,"column":16},"end":{"line":503,"column":34}},{"start":{"line":503,"column":38},"end":{"line":503,"column":40}}]},"64":{"loc":{"start":{"line":514,"column":25},"end":{"line":514,"column":37}},"type":"default-arg","locations":[{"start":{"line":514,"column":34},"end":{"line":514,"column":37}}]},"65":{"loc":{"start":{"line":514,"column":39},"end":{"line":514,"column":50}},"type":"default-arg","locations":[{"start":{"line":514,"column":46},"end":{"line":514,"column":50}}]},"66":{"loc":{"start":{"line":515,"column":14},"end":{"line":515,"column":23}},"type":"binary-expr","locations":[{"start":{"line":515,"column":14},"end":{"line":515,"column":17}},{"start":{"line":515,"column":21},"end":{"line":515,"column":23}}]},"67":{"loc":{"start":{"line":517,"column":8},"end":{"line":519,"column":null}},"type":"if","locations":[{"start":{"line":517,"column":8},"end":{"line":519,"column":null}}]},"68":{"loc":{"start":{"line":521,"column":43},"end":{"line":521,"column":60}},"type":"cond-expr","locations":[{"start":{"line":521,"column":50},"end":{"line":521,"column":55}},{"start":{"line":521,"column":58},"end":{"line":521,"column":60}}]},"69":{"loc":{"start":{"line":536,"column":12},"end":{"line":538,"column":null}},"type":"if","locations":[{"start":{"line":536,"column":12},"end":{"line":538,"column":null}}]},"70":{"loc":{"start":{"line":554,"column":24},"end":{"line":554,"column":39}},"type":"default-arg","locations":[{"start":{"line":554,"column":36},"end":{"line":554,"column":39}}]},"71":{"loc":{"start":{"line":554,"column":41},"end":{"line":554,"column":68}},"type":"default-arg","locations":[{"start":{"line":554,"column":53},"end":{"line":554,"column":68}}]},"72":{"loc":{"start":{"line":555,"column":8},"end":{"line":557,"column":null}},"type":"if","locations":[{"start":{"line":555,"column":8},"end":{"line":557,"column":null}}]},"73":{"loc":{"start":{"line":629,"column":30},"end":{"line":629,"column":45}},"type":"default-arg","locations":[{"start":{"line":629,"column":42},"end":{"line":629,"column":45}}]},"74":{"loc":{"start":{"line":630,"column":23},"end":{"line":630,"column":32}},"type":"binary-expr","locations":[{"start":{"line":630,"column":23},"end":{"line":630,"column":26}},{"start":{"line":630,"column":30},"end":{"line":630,"column":32}}]},"75":{"loc":{"start":{"line":635,"column":12},"end":{"line":637,"column":null}},"type":"if","locations":[{"start":{"line":635,"column":12},"end":{"line":637,"column":null}}]},"76":{"loc":{"start":{"line":650,"column":31},"end":{"line":650,"column":47}},"type":"default-arg","locations":[{"start":{"line":650,"column":43},"end":{"line":650,"column":47}}]},"77":{"loc":{"start":{"line":654,"column":19},"end":{"line":654,"column":62}},"type":"cond-expr","locations":[{"start":{"line":654,"column":46},"end":{"line":654,"column":57}},{"start":{"line":654,"column":60},"end":{"line":654,"column":62}}]},"78":{"loc":{"start":{"line":655,"column":12},"end":{"line":657,"column":null}},"type":"if","locations":[{"start":{"line":655,"column":12},"end":{"line":657,"column":null}}]},"79":{"loc":{"start":{"line":671,"column":15},"end":{"line":671,"column":24}},"type":"binary-expr","locations":[{"start":{"line":671,"column":15},"end":{"line":671,"column":18}},{"start":{"line":671,"column":22},"end":{"line":671,"column":24}}]},"80":{"loc":{"start":{"line":673,"column":8},"end":{"line":675,"column":null}},"type":"if","locations":[{"start":{"line":673,"column":8},"end":{"line":675,"column":null}}]},"81":{"loc":{"start":{"line":679,"column":8},"end":{"line":681,"column":null}},"type":"if","locations":[{"start":{"line":679,"column":8},"end":{"line":681,"column":null}}]},"82":{"loc":{"start":{"line":693,"column":8},"end":{"line":702,"column":null}},"type":"if","locations":[{"start":{"line":693,"column":8},"end":{"line":702,"column":null}}]},"83":{"loc":{"start":{"line":700,"column":27},"end":{"line":700,"column":62}},"type":"binary-expr","locations":[{"start":{"line":700,"column":27},"end":{"line":700,"column":47}},{"start":{"line":700,"column":51},"end":{"line":700,"column":62}}]},"84":{"loc":{"start":{"line":714,"column":33},"end":{"line":714,"column":63}},"type":"default-arg","locations":[{"start":{"line":714,"column":42},"end":{"line":714,"column":63}}]},"85":{"loc":{"start":{"line":725,"column":35},"end":{"line":725,"column":65}},"type":"default-arg","locations":[{"start":{"line":725,"column":44},"end":{"line":725,"column":65}}]},"86":{"loc":{"start":{"line":738,"column":8},"end":{"line":740,"column":null}},"type":"if","locations":[{"start":{"line":738,"column":8},"end":{"line":740,"column":null}}]},"87":{"loc":{"start":{"line":738,"column":12},"end":{"line":738,"column":59}},"type":"binary-expr","locations":[{"start":{"line":738,"column":12},"end":{"line":738,"column":24}},{"start":{"line":738,"column":28},"end":{"line":738,"column":59}}]},"88":{"loc":{"start":{"line":738,"column":29},"end":{"line":738,"column":57}},"type":"cond-expr","locations":[{"start":{"line":738,"column":46},"end":{"line":738,"column":48}},{"start":{"line":738,"column":46},"end":{"line":738,"column":57}}]},"89":{"loc":{"start":{"line":738,"column":29},"end":{"line":738,"column":48}},"type":"binary-expr","locations":[{"start":{"line":738,"column":29},"end":{"line":738,"column":48}},{"start":{"line":738,"column":46},"end":{"line":738,"column":48}}]},"90":{"loc":{"start":{"line":738,"column":29},"end":{"line":738,"column":46}},"type":"cond-expr","locations":[{"start":{"line":738,"column":35},"end":{"line":738,"column":37}},{"start":{"line":738,"column":29},"end":{"line":738,"column":46}}]},"91":{"loc":{"start":{"line":738,"column":29},"end":{"line":738,"column":37}},"type":"binary-expr","locations":[{"start":{"line":738,"column":29},"end":{"line":738,"column":37}},{"start":{"line":738,"column":29},"end":{"line":738,"column":37}}]},"92":{"loc":{"start":{"line":770,"column":20},"end":{"line":770,"column":51}},"type":"binary-expr","locations":[{"start":{"line":770,"column":20},"end":{"line":770,"column":45}},{"start":{"line":770,"column":49},"end":{"line":770,"column":51}}]},"93":{"loc":{"start":{"line":770,"column":21},"end":{"line":770,"column":30}},"type":"binary-expr","locations":[{"start":{"line":770,"column":21},"end":{"line":770,"column":24}},{"start":{"line":770,"column":28},"end":{"line":770,"column":30}}]},"94":{"loc":{"start":{"line":771,"column":8},"end":{"line":773,"column":null}},"type":"if","locations":[{"start":{"line":771,"column":8},"end":{"line":773,"column":null}}]},"95":{"loc":{"start":{"line":777,"column":19},"end":{"line":777,"column":51}},"type":"binary-expr","locations":[{"start":{"line":777,"column":19},"end":{"line":777,"column":45}},{"start":{"line":777,"column":49},"end":{"line":777,"column":51}}]},"96":{"loc":{"start":{"line":832,"column":8},"end":{"line":832,"column":69}},"type":"if","locations":[{"start":{"line":832,"column":8},"end":{"line":832,"column":69}}]},"97":{"loc":{"start":{"line":833,"column":8},"end":{"line":833,"column":75}},"type":"if","locations":[{"start":{"line":833,"column":8},"end":{"line":833,"column":75}}]},"98":{"loc":{"start":{"line":834,"column":8},"end":{"line":834,"column":69}},"type":"if","locations":[{"start":{"line":834,"column":8},"end":{"line":834,"column":69}}]},"99":{"loc":{"start":{"line":835,"column":8},"end":{"line":835,"column":69}},"type":"if","locations":[{"start":{"line":835,"column":8},"end":{"line":835,"column":69}}]},"100":{"loc":{"start":{"line":848,"column":31},"end":{"line":848,"column":42}},"type":"default-arg","locations":[{"start":{"line":848,"column":39},"end":{"line":848,"column":42}}]},"101":{"loc":{"start":{"line":848,"column":44},"end":{"line":848,"column":56}},"type":"default-arg","locations":[{"start":{"line":848,"column":53},"end":{"line":848,"column":56}}]},"102":{"loc":{"start":{"line":866,"column":24},"end":{"line":866,"column":77}},"type":"cond-expr","locations":[{"start":{"line":866,"column":47},"end":{"line":866,"column":73}},{"start":{"line":866,"column":76},"end":{"line":866,"column":77}}]},"103":{"loc":{"start":{"line":869,"column":24},"end":{"line":869,"column":67}},"type":"cond-expr","locations":[{"start":{"line":869,"column":47},"end":{"line":869,"column":56}},{"start":{"line":869,"column":59},"end":{"line":869,"column":67}}]},"104":{"loc":{"start":{"line":870,"column":24},"end":{"line":870,"column":67}},"type":"cond-expr","locations":[{"start":{"line":870,"column":47},"end":{"line":870,"column":56}},{"start":{"line":870,"column":59},"end":{"line":870,"column":67}}]},"105":{"loc":{"start":{"line":895,"column":8},"end":{"line":897,"column":null}},"type":"if","locations":[{"start":{"line":895,"column":8},"end":{"line":897,"column":null}}]},"106":{"loc":{"start":{"line":899,"column":8},"end":{"line":913,"column":null}},"type":"if","locations":[{"start":{"line":899,"column":8},"end":{"line":913,"column":null}},{"start":{"line":901,"column":15},"end":{"line":913,"column":null}}]},"107":{"loc":{"start":{"line":901,"column":15},"end":{"line":913,"column":null}},"type":"if","locations":[{"start":{"line":901,"column":15},"end":{"line":913,"column":null}},{"start":{"line":905,"column":15},"end":{"line":913,"column":null}}]},"108":{"loc":{"start":{"line":905,"column":15},"end":{"line":913,"column":null}},"type":"if","locations":[{"start":{"line":905,"column":15},"end":{"line":913,"column":null}},{"start":{"line":907,"column":15},"end":{"line":913,"column":null}}]},"109":{"loc":{"start":{"line":907,"column":15},"end":{"line":913,"column":null}},"type":"if","locations":[{"start":{"line":907,"column":15},"end":{"line":913,"column":null}},{"start":{"line":909,"column":15},"end":{"line":913,"column":null}}]},"110":{"loc":{"start":{"line":909,"column":15},"end":{"line":913,"column":null}},"type":"if","locations":[{"start":{"line":909,"column":15},"end":{"line":913,"column":null}},{"start":{"line":911,"column":15},"end":{"line":913,"column":null}}]},"111":{"loc":{"start":{"line":923,"column":23},"end":{"line":923,"column":47}},"type":"binary-expr","locations":[{"start":{"line":923,"column":23},"end":{"line":923,"column":41}},{"start":{"line":923,"column":45},"end":{"line":923,"column":47}}]},"112":{"loc":{"start":{"line":923,"column":23},"end":{"line":923,"column":41}},"type":"cond-expr","locations":[{"start":{"line":923,"column":33},"end":{"line":923,"column":35}},{"start":{"line":923,"column":23},"end":{"line":923,"column":41}}]},"113":{"loc":{"start":{"line":923,"column":23},"end":{"line":923,"column":35}},"type":"binary-expr","locations":[{"start":{"line":923,"column":23},"end":{"line":923,"column":35}},{"start":{"line":923,"column":23},"end":{"line":923,"column":35}}]},"114":{"loc":{"start":{"line":927,"column":28},"end":{"line":927,"column":42}},"type":"cond-expr","locations":[{"start":{"line":927,"column":38},"end":{"line":927,"column":40}},{"start":{"line":927,"column":28},"end":{"line":927,"column":42}}]},"115":{"loc":{"start":{"line":927,"column":28},"end":{"line":927,"column":40}},"type":"binary-expr","locations":[{"start":{"line":927,"column":28},"end":{"line":927,"column":40}},{"start":{"line":927,"column":28},"end":{"line":927,"column":40}}]},"116":{"loc":{"start":{"line":928,"column":30},"end":{"line":928,"column":46}},"type":"cond-expr","locations":[{"start":{"line":928,"column":40},"end":{"line":928,"column":42}},{"start":{"line":928,"column":30},"end":{"line":928,"column":46}}]},"117":{"loc":{"start":{"line":928,"column":30},"end":{"line":928,"column":42}},"type":"binary-expr","locations":[{"start":{"line":928,"column":30},"end":{"line":928,"column":42}},{"start":{"line":928,"column":30},"end":{"line":928,"column":42}}]},"118":{"loc":{"start":{"line":931,"column":8},"end":{"line":936,"column":null}},"type":"if","locations":[{"start":{"line":931,"column":8},"end":{"line":936,"column":null}}]},"119":{"loc":{"start":{"line":931,"column":12},"end":{"line":931,"column":30}},"type":"cond-expr","locations":[{"start":{"line":931,"column":22},"end":{"line":931,"column":24}},{"start":{"line":931,"column":12},"end":{"line":931,"column":30}}]},"120":{"loc":{"start":{"line":931,"column":12},"end":{"line":931,"column":24}},"type":"binary-expr","locations":[{"start":{"line":931,"column":12},"end":{"line":931,"column":24}},{"start":{"line":931,"column":12},"end":{"line":931,"column":24}}]},"121":{"loc":{"start":{"line":938,"column":27},"end":{"line":938,"column":135}},"type":"binary-expr","locations":[{"start":{"line":938,"column":27},"end":{"line":938,"column":51}},{"start":{"line":938,"column":51},"end":{"line":938,"column":135}}]},"122":{"loc":{"start":{"line":938,"column":28},"end":{"line":938,"column":47}},"type":"cond-expr","locations":[{"start":{"line":938,"column":38},"end":{"line":938,"column":40}},{"start":{"line":938,"column":28},"end":{"line":938,"column":47}}]},"123":{"loc":{"start":{"line":93
[...]
4},"end":{"line":1404,"column":56}}]},"248":{"loc":{"start":{"line":1404,"column":28},"end":{"line":1404,"column":50}},"type":"cond-expr","locations":[{"start":{"line":1404,"column":38},"end":{"line":1404,"column":40}},{"start":{"line":1404,"column":38},"end":{"line":1404,"column":50}}]},"249":{"loc":{"start":{"line":1404,"column":28},"end":{"line":1404,"column":40}},"type":"binary-expr","locations":[{"start":{"line":1404,"column":28},"end":{"line":1404,"column":40}},{"start":{"line":1404,"column":38},"end":{"line":1404,"column":40}}]},"250":{"loc":{"start":{"line":1404,"column":28},"end":{"line":1404,"column":38}},"type":"cond-expr","locations":[{"start":{"line":1404,"column":33},"end":{"line":1404,"column":36}},{"start":{"line":1404,"column":28},"end":{"line":1404,"column":38}}]},"251":{"loc":{"start":{"line":1404,"column":28},"end":{"line":1404,"column":36}},"type":"binary-expr","locations":[{"start":{"line":1404,"column":28},"end":{"line":1404,"column":36}},{"start":{"line":1404,"column":28},"end":{"line":1404,"column":36}}]},"252":{"loc":{"start":{"line":1410,"column":12},"end":{"line":1412,"column":null}},"type":"if","locations":[{"start":{"line":1410,"column":12},"end":{"line":1412,"column":null}}]},"253":{"loc":{"start":{"line":1410,"column":16},"end":{"line":1410,"column":58}},"type":"binary-expr","locations":[{"start":{"line":1410,"column":16},"end":{"line":1410,"column":28}},{"start":{"line":1410,"column":32},"end":{"line":1410,"column":58}}]},"254":{"loc":{"start":{"line":1425,"column":51},"end":{"line":1425,"column":62}},"type":"default-arg","locations":[{"start":{"line":1425,"column":60},"end":{"line":1425,"column":62}}]},"255":{"loc":{"start":{"line":1426,"column":8},"end":{"line":1428,"column":null}},"type":"if","locations":[{"start":{"line":1426,"column":8},"end":{"line":1428,"column":null}}]},"256":{"loc":{"start":{"line":1432,"column":8},"end":{"line":1446,"column":null}},"type":"if","locations":[{"start":{"line":1432,"column":8},"end":{"line":1446,"column":null}},{"start":{"line":1436,"column":15},"end":{"line":1446,"column":null}}]},"257":{"loc":{"start":{"line":1436,"column":15},"end":{"line":1446,"column":null}},"type":"if","locations":[{"start":{"line":1436,"column":15},"end":{"line":1446,"column":null}},{"start":{"line":1443,"column":15},"end":{"line":1446,"column":null}}]},"258":{"loc":{"start":{"line":1448,"column":23},"end":{"line":1448,"column":46}},"type":"binary-expr","locations":[{"start":{"line":1448,"column":23},"end":{"line":1448,"column":40}},{"start":{"line":1448,"column":44},"end":{"line":1448,"column":46}}]},"259":{"loc":{"start":{"line":1491,"column":44},"end":{"line":1491,"column":53}},"type":"binary-expr","locations":[{"start":{"line":1491,"column":44},"end":{"line":1491,"column":47}},{"start":{"line":1491,"column":51},"end":{"line":1491,"column":53}}]},"260":{"loc":{"start":{"line":1493,"column":8},"end":{"line":1495,"column":null}},"type":"if","locations":[{"start":{"line":1493,"column":8},"end":{"line":1495,"column":null}}]},"261":{"loc":{"start":{"line":1493,"column":12},"end":{"line":1493,"column":27}},"type":"cond-expr","locations":[{"start":{"line":1493,"column":19},"end":{"line":1493,"column":21}},{"start":{"line":1493,"column":12},"end":{"line":1493,"column":27}}]},"262":{"loc":{"start":{"line":1493,"column":12},"end":{"line":1493,"column":21}},"type":"binary-expr","locations":[{"start":{"line":1493,"column":12},"end":{"line":1493,"column":21}},{"start":{"line":1493,"column":12},"end":{"line":1493,"column":21}}]},"263":{"loc":{"start":{"line":1500,"column":24},"end":{"line":1500,"column":56}},"type":"cond-expr","locations":[{"start":{"line":1500,"column":34},"end":{"line":1500,"column":36}},{"start":{"line":1500,"column":34},"end":{"line":1500,"column":56}}]},"264":{"loc":{"start":{"line":1500,"column":24},"end":{"line":1500,"column":36}},"type":"binary-expr","locations":[{"start":{"line":1500,"column":24},"end":{"line":1500,"column":36}},{"start":{"line":1500,"column":34},"end":{"line":1500,"column":36}}]},"265":{"loc":{"start":{"line":1503,"column":48},"end":{"line":1503,"column":66}},"type":"cond-expr","locations":[{"start":{"line":1503,"column":58},"end":{"line":1503,"column":60}},{"start":{"line":1503,"column":58},"end":{"line":1503,"column":66}}]},"266":{"loc":{"start":{"line":1503,"column":48},"end":{"line":1503,"column":60}},"type":"binary-expr","locations":[{"start":{"line":1503,"column":48},"end":{"line":1503,"column":60}},{"start":{"line":1503,"column":58},"end":{"line":1503,"column":60}}]},"267":{"loc":{"start":{"line":1506,"column":26},"end":{"line":1506,"column":42}},"type":"binary-expr","locations":[{"start":{"line":1506,"column":26},"end":{"line":1506,"column":36}},{"start":{"line":1506,"column":40},"end":{"line":1506,"column":42}}]},"268":{"loc":{"start":{"line":1507,"column":8},"end":{"line":1513,"column":null}},"type":"if","locations":[{"start":{"line":1507,"column":8},"end":{"line":1513,"column":null}},{"start":{"line":1510,"column":15},"end":{"line":1513,"column":null}}]},"269":{"loc":{"start":{"line":1516,"column":28},"end":{"line":1516,"column":44}},"type":"binary-expr","locations":[{"start":{"line":1516,"column":28},"end":{"line":1516,"column":38}},{"start":{"line":1516,"column":42},"end":{"line":1516,"column":44}}]},"270":{"loc":{"start":{"line":1519,"column":28},"end":{"line":1519,"column":44}},"type":"binary-expr","locations":[{"start":{"line":1519,"column":28},"end":{"line":1519,"column":38}},{"start":{"line":1519,"column":42},"end":{"line":1519,"column":44}}]},"271":{"loc":{"start":{"line":1528,"column":12},"end":{"line":1530,"column":null}},"type":"if","locations":[{"start":{"line":1528,"column":12},"end":{"line":1530,"column":null}}]},"272":{"loc":{"start":{"line":1528,"column":16},"end":{"line":1528,"column":34}},"type":"cond-expr","locations":[{"start":{"line":1528,"column":26},"end":{"line":1528,"column":28}},{"start":{"line":1528,"column":16},"end":{"line":1528,"column":34}}]},"273":{"loc":{"start":{"line":1528,"column":16},"end":{"line":1528,"column":28}},"type":"binary-expr","locations":[{"start":{"line":1528,"column":16},"end":{"line":1528,"column":28}},{"start":{"line":1528,"column":16},"end":{"line":1528,"column":28}}]},"274":{"loc":{"start":{"line":1532,"column":30},"end":{"line":1532,"column":79}},"type":"cond-expr","locations":[{"start":{"line":1532,"column":51},"end":{"line":1532,"column":53}},{"start":{"line":1532,"column":51},"end":{"line":1532,"column":79}}]},"275":{"loc":{"start":{"line":1532,"column":30},"end":{"line":1532,"column":53}},"type":"binary-expr","locations":[{"start":{"line":1532,"column":30},"end":{"line":1532,"column":53}},{"start":{"line":1532,"column":51},"end":{"line":1532,"column":53}}]},"276":{"loc":{"start":{"line":1532,"column":30},"end":{"line":1532,"column":51}},"type":"cond-expr","locations":[{"start":{"line":1532,"column":43},"end":{"line":1532,"column":45}},{"start":{"line":1532,"column":43},"end":{"line":1532,"column":51}}]},"277":{"loc":{"start":{"line":1532,"column":30},"end":{"line":1532,"column":45}},"type":"binary-expr","locations":[{"start":{"line":1532,"column":30},"end":{"line":1532,"column":45}},{"start":{"line":1532,"column":43},"end":{"line":1532,"column":45}}]},"278":{"loc":{"start":{"line":1533,"column":12},"end":{"line":1535,"column":null}},"type":"if","locations":[{"start":{"line":1533,"column":12},"end":{"line":1535,"column":null}}]},"279":{"loc":{"start":{"line":1538,"column":25},"end":{"line":1538,"column":44}},"type":"binary-expr","locations":[{"start":{"line":1538,"column":25},"end":{"line":1538,"column":38}},{"start":{"line":1538,"column":42},"end":{"line":1538,"column":44}}]},"280":{"loc":{"start":{"line":1539,"column":25},"end":{"line":1539,"column":59}},"type":"binary-expr","locations":[{"start":{"line":1539,"column":25},"end":{"line":1539,"column":53}},{"start":{"line":1539,"column":57},"end":{"line":1539,"column":59}}]},"281":{"loc":{"start":{"line":1539,"column":25},"end":{"line":1539,"column":53}},"type":"cond-expr","locations":[{"start":{"line":1539,"column":38},"end":{"line":1539,"column":40}},{"start":{"line":1539,"column":38},"end":{"line":1539,"column":53}}]},"282":{"loc":{"start":{"line":1539,"column":25},"end":{"line":1539,"column":40}},"type":"binary-expr","locations":[{"start":{"line":1539,"column":25},"end":{"line":1539,"column":40}},{"start":{"line":1539,"column":38},"end":{"line":1539,"column":40}}]},"283":{"loc":{"start":{"line":1544,"column":23},"end":{"line":1544,"column":39}},"type":"binary-expr","locations":[{"start":{"line":1544,"column":23},"end":{"line":1544,"column":33}},{"start":{"line":1544,"column":37},"end":{"line":1544,"column":39}}]},"284":{"loc":{"start":{"line":1558,"column":8},"end":{"line":1560,"column":null}},"type":"if","locations":[{"start":{"line":1558,"column":8},"end":{"line":1560,"column":null}}]},"285":{"loc":{"start":{"line":1564,"column":8},"end":{"line":1566,"column":null}},"type":"if","locations":[{"start":{"line":1564,"column":8},"end":{"line":1566,"column":null}}]},"286":{"loc":{"start":{"line":1568,"column":8},"end":{"line":1570,"column":null}},"type":"if","locations":[{"start":{"line":1568,"column":8},"end":{"line":1570,"column":null}}]},"287":{"loc":{"start":{"line":1572,"column":23},"end":{"line":1572,"column":84}},"type":"binary-expr","locations":[{"start":{"line":1572,"column":23},"end":{"line":1572,"column":43}},{"start":{"line":1572,"column":47},"end":{"line":1572,"column":84}}]},"288":{"loc":{"start":{"line":1576,"column":66},"end":{"line":1576,"column":75}},"type":"cond-expr","locations":[{"start":{"line":1576,"column":69},"end":{"line":1576,"column":71}},{"start":{"line":1576,"column":66},"end":{"line":1576,"column":75}}]},"289":{"loc":{"start":{"line":1576,"column":66},"end":{"line":1576,"column":71}},"type":"binary-expr","locations":[{"start":{"line":1576,"column":66},"end":{"line":1576,"column":71}},{"start":{"line":1576,"column":66},"end":{"line":1576,"column":71}}]},"290":{"loc":{"start":{"line":1578,"column":8},"end":{"line":1580,"column":null}},"type":"if","locations":[{"start":{"line":1578,"column":8},"end":{"line":1580,"column":null}}]},"291":{"loc":{"start":{"line":1585,"column":16},"end":{"line":1591,"column":null}},"type":"if","locations":[{"start":{"line":1585,"column":16},"end":{"line":1591,"column":null}},{"start":{"line":1588,"column":23},"end":{"line":1591,"column":null}}]},"292":{"loc":{"start":{"line":1585,"column":20},"end":{"line":1585,"column":68}},"type":"binary-expr","locations":[{"start":{"line":1585,"column":20},"end":{"line":1585,"column":42}},{"start":{"line":1585,"column":46},"end":{"line":1585,"column":68}}]},"293":{"loc":{"start":{"line":1593,"column":16},"end":{"line":1595,"column":null}},"type":"if","locations":[{"start":{"line":1593,"column":16},"end":{"line":1595,"column":null}}]},"294":{"loc":{"start":{"line":1597,"column":16},"end":{"line":1599,"column":null}},"type":"if","locations":[{"start":{"line":1597,"column":16},"end":{"line":1599,"column":null}}]},"295":{"loc":{"start":{"line":1605,"column":8},"end":{"line":1607,"column":null}},"type":"if","locations":[{"start":{"line":1605,"column":8},"end":{"line":1607,"column":null}}]},"296":{"loc":{"start":{"line":1611,"column":8},"end":{"line":1613,"column":null}},"type":"if","locations":[{"start":{"line":1611,"column":8},"end":{"line":1613,"column":null}}]},"297":{"loc":{"start":{"line":1642,"column":8},"end":{"line":1644,"column":null}},"type":"if","locations":[{"start":{"line":1642,"column":8},"end":{"line":1644,"column":null}}]},"298":{"loc":{"start":{"line":1650,"column":12},"end":{"line":1653,"column":null}},"type":"if","locations":[{"start":{"line":1650,"column":12},"end":{"line":1653,"column":null}}]},"299":{"loc":{"start":{"line":1656,"column":15},"end":{"line":1656,"column":64}},"type":"cond-expr","locations":[{"start":{"line":1656,"column":27},"end":{"line":1656,"column":58}},{"start":{"line":1656,"column":61},"end":{"line":1656,"column":64}}]}},"s":{"0":1,"1":1,"2":1,"3":1,"4":1,"5":13,"6":0,"7":9,"8":0,"9":0,"10":0,"11":0,"12":0,"13":0,"14":0,"15":0,"16":0,"17":0,"18":0,"19":4,"20":4,"21":4,"22":5,"23":1,"24":3,"25":0,"26":0,"27":0,"28":0,"29":0,"30":0,"31":4,"32":3,"33":0,"34":0,"35":0,"36":0,"37":0,"38":0,"39":0,"40":0,"41":0,"42":0,"43":0,"44":0,"45":0,"46":0,"47":0,"48":0,"49":0,"50":0,"51":0,"52":0,"53":0,"54":0,"55":0,"56":0,"57":0,"58":0,"59":0,"60":0,"61":0,"62":0,"63":0,"64":0,"65":0,"66":0,"67":0,"68":0,"69":0,"70":0,"71":0,"72":0,"73":0,"74":0,"75":0,"76":0,"77":0,"78":0,"79":0,"80":0,"81":0,"82":0,"83":0,"84":0,"85":0,"86":0,"87":0,"88":0,"89":0,"90":0,"91":0,"92":0,"93":0,"94":0,"95":0,"96":0,"97":3,"98":3,"99":3,"100":3,"101":3,"102":30,"103":3,"104":0,"105":0,"106":0,"107":0,"108":0,"109":0,"110":0,"111":0,"112":0,"113":0,"114":0,"115":0,"116":0,"117":0,"118":0,"119":0,"120":0,"121":0,"122":0,"123":0,"124":0,"125":0,"126":0,"127":0,"128":0,"129":0,"130":0,"131":0,"132":0,"133":0,"134":0,"135":0,"136":0,"137":0,"138":0,"139":0,"140":0,"141":0,"142":0,"143":0,"144":0,"145":0,"146":0,"147":0,"148":0,"149":0,"150":0,"151":0,"152":0,"153":0,"154":5,"155":5,"156":1,"157":4,"158":4,"159":3,"160":1,"161":0,"162":0,"163":0,"164":0,"165":0,"166":0,"167":0,"168":0,"169":0,"170":0,"171":0,"172":0,"173":0,"174":0,"175":0,"176":0,"177":0,"178":0,"179":0,"180":0,"181":0,"182":0,"183":0,"184":0,"185":0,"186":0,"187":36,"188":255,"189":16,"190":70,"191":11,"192":60,"193":27,"194":242,"195":36,"196":9,"197":27,"198":11,"199":16,"200":5,"201":11,"202":8,"203":3,"204":0,"205":0,"206":0,"207":0,"208":0,"209":0,"210":0,"211":0,"212":0,"213":0,"214":0,"215":0,"216":0,"217":0,"218":0,"219":0,"220":0,"221":0,"222":0,"223":0,"224":0,"225":0,"226":0,"227":0,"228":0,"229":0,"230":0,"231":0,"232":0,"233":0,"234":0,"235":0,"236":0,"237":0,"238":0,"239":0,"240":0,"241":0,"242":0,"243":0,"244":0,"245":0,"246":0,"247":0,"248":0,"249":0,"250":0,"251":0,"252":0,"253":0,"254":0,"255":0,"256":0,"257":0,"258":0,"259":0,"260":0,"261":0,"262":0,"263":0,"264":0,"265":0,"266":0,"267":0,"268":0,"269":0,"270":0,"271":0,"272":0,"273":0,"274":0,"275":0,"276":0,"277":0,"278":0,"279":0,"280":0,"281":0,"282":0,"283":0,"284":0,"285":0,"286":0,"287":0,"288":0,"289":0,"290":0,"291":0,"292":0,"293":0,"294":0,"295":0,"296":0,"297":0,"298":0,"299":0,"300":0,"301":0,"302":0,"303":0,"304":0,"305":0,"306":0,"307":0,"308":0,"309":0,"310":0,"311":0,"312":0,"313":0,"314":0,"315":0,"316":0,"317":0,"318":0,"319":0,"320":0,"321":0,"322":0,"323":0,"324":0,"325":0,"326":0,"327":0,"328":0,"329":0,"330":0,"331":0,"332":0,"333":0,"334":0,"335":0,"336":0,"337":0,"338":0,"339":0,"340":0,"341":0,"342":0,"343":0,"344":0,"345":0,"346":0,"347":0,"348":0,"349":0,"350":0,"351":0,"352":0,"353":0,"354":0,"355":0,"356":0,"357":0,"358":0,"359":0,"360":0,"361":0,"362":0,"363":0,"364":0,"365":0,"366":0,"367":0,"368":0,"369":0,"370":0,"371":0,"372":0,"373":0,"374":0,"375":0,"376":0,"377":0,"378":0,"379":0,"380":0,"381":0,"382":0,"383":0,"384":0,"385":0,"386":0,"387":0,"388":0,"389":0,"390":0,"391":0,"392":0,"393":0,"394":0,"395":0,"396":0,"397":0,"398":0,"399":0,"400":0,"401":0,"402":0,"403":0,"404":0,"405":0,"406":0,"407":0,"408":0,"409":0,"410":0,"411":0,"412":0,"413":0,"414":0,"415":0,"416":0,"417":0,"418":0,"419":0,"420":0,"421":0,"422":0,"423":0,"424":0,"425":0,"426":0,"427":0,"428":0,"429":0,"430":0,"431":0,"432":0,"433":0,"434":0,"435":0,"436":0,"437":0,"438":0,"439":0,"440":0,"441":0,"442":0,"443":0,"444":0,"445":0,"446":7,"447":7,"448":7,"449":7,"450":1,"451":6,"452":6,"453":6,"454":6,"455":6,"456":1,"457":1,"458":5,"459":5,"460":6,"461":6,"462":6,"463":7,"464":7,"465":7,"466":7,"467":1,"468":6,"469":6,"470":0,"471":6,"472":6,"473":6,"474":0,"475":0,"476":0,"477":0,"478":0,"479":0,"480":0,"481":0,"482":0,"483":0,"484":0,"485":0,"486":0,"487":0,"488":0,"489":0,"490":0,"491":0,"492":0,"493":0,"494":0,"495":0,"496":0,"497":0,"498":0,"499":0,"500":0,"501":0,"502":0,"503":0,"504":0,"505":0,"506":0,"507":0,"508":0,"509":0,"510":0,"511":0,"512":0,"513":0,"514":0,"515":0,"516":1},"f":{"0":13,"1":0,"2":9,"3":0,"4":0,"5":0,"6":0,"7":4,"8":0,"9":4,"10":0,"11":0,"12":0,"13":0,"14":0,"15":0,"16":0,"17":0,"18":0,"19":3,"20":0,"21":0,"22":0,"23":0,"24":0,"25":0,"26":0,"27":0,"28":0,"29":5,"30":0,"31":0,"32":0,"33":0,"34":0,"35":0,"36":0,"37":36,"38":255,"39":16,"40":70,"41":11,"42":60,"43":27,"44":242,"45":36,"46":0,"47":0,"48":0,"49":0,"50":0,"51":0,"52":0,"53":0,"54":0,"55":0,"56":0,"57":0,"58":0,"59":0,"60":0,"61":0,"62":0,"63":0,"64":0,"65":0,"66":0,"67":0,"68":0,"69":0,"70":0,"71":0,"72":0,"73":7,"74":0,"75":0,"76":0,"77":0,"78":0},"b":{"0":[13,13,1],"1":[0,0],"2":[9,8,8,8,8,8,2,1,1,1],"3":[0,0],"4":[0,0],"5":[0,0,0,0],"6":[0,0],"7":[0,0],"8":[0,0,0,0,0],"9":[0],"10":[0],"11":[0],"12":[0,0],"13":[0,0,0],"14":[3,1],"15":[1],"16":[0,0],"17":[0],"18":[3],"19":[0,0],"20":[0],"21":[0,0],"22":[0,0],"23":[0],"24":[0],"25":[0],"26":[0],"27":[0,0],"28":[0],"29":[0,0],"30":[0,0],"31":[0,0],"32":[0],"33":[0],"34":[0],"35":[0,0],"36":[0,0],"37":[0],"38":[0,0,0],"39":[0],"40":[0],"41":[0,0],"42":[0],"43":[0,0,0,0],"44":[0],"45":[0,0],"46":[0,0],"47":[0],"48":[0,0,0,0],"49":[0,0],"50":[0],"51":[0],"52":[0,0,0,0,0,0,0,0,0],"53":[3,2],"54":[0],"55":[0],"56":[0],"57":[0],"58":[0],"59":[0,0,0],"60":[0],"61":[0,0,0,0,0],"62":[0],"63":[0,0],"64":[0],"65":[0],"66":[0,0],"67":[0],"68":[0,0],"69":[0],"70":[0],"71":[0],"72":[0],"73":[0],"74":[0,0],"75":[0],"76":[0],"77":[0,0],"78":[0],"79":[5,0],"80":[1],"81":[3],"82":[0],"83":[0,0],"84":[0],"85":[0],"86":[0],"87":[0,0],"88":[0,0],"89":[0,0],"90":[0,0],"91":[0,0],"92":[0,0],"93":[0,0],"94":[0],"95":[0,0],"96":[9],"97":[11],"98":[5],"99":[8],"100":[0],"101":[0],"102":[0,0],"103":[0,0],"104":[0,0],"105":[0],"106":[0,0],"107":[0,0],"108":[0,0],"109":[0,0],"110":[0,0],"111":[0,0],"112":[0,0],"113":[0,0],"114":[0,0],"115":[0,0],"116":[0,0],"117":[0,0],"118":[0],"119":[0,0],"120":[0,0],"121":[0,0],"122":[0,0],"123":[0,0],"124":[0,0],"125":[0,0],"126":[0,0],"127":[0,0],"128":[0],"129":[0,0],"130":[0,0],"131":[0,0],"132":[0,0],"133":[0,0],"134":[0,0],"135":[0,0],"136":[0],"137":[0,0],"138":[0,0],"139":[0,0],"140":[0,0],"141":[0,0],"142":[0,0],"143":[0,0],"144":[0],"145":[0,0],"146":[0,0],"147":[0,0],"148":[0,0],"149":[0,0],"150":[0,0],"151":[0,0],"152":[0],"153":[0,0],"154":[0,0],"155":[0,0],"156":[0],"157":[0,0],"158":[0,0],"159":[0,0],"160":[0,0],"161":[0,0],"162":[0,0],"163":[0,0],"164":[0,0],"165":[0,0],"166":[0,0],"167":[0,0],"168":[0,0],"169":[0,0],"170":[0,0],"171":[0,0],"172":[0,0],"173":[0,0],"174":[0],"175":[0,0],"176":[0,0],"177":[0,0],"178":[0],"179":[0,0],"180":[0,0],"181":[0,0,0],"182":[0,0],"183":[0,0],"184":[0,0,0,0,0,0,0,0,0,0,0,0,0,0],"185":[0,0],"186":[0,0],"187":[0,0,0,0,0,0],"188":[0,0],"189":[0,0],"190":[0],"191":[0,0],"192":[0,0],"193":[0,0],"194":[0,0],"195":[0],"196":[0,0],"197":[0,0],"198":[0],"199":[0,0],"200":[0,0],"201":[0],"202":[0,0],"203":[0,0],"204":[0],"205":[0,0],"206":[0,0],"207":[0,0],"208":[0,0],"209":[0,0],"210":[0,0],"211":[0,0],"212":[0,0,0],"213":[0],"214":[0,0],"215":[0,0],"216":[0],"217":[0],"218":[0,0],"219":[0,0],"220":[0,0],"221":[0,0],"222":[0,0],"223":[0,0],"224":[0,0],"225":[0,0],"226":[0,0],"227":[0,0],"228":[0],"229":[0],"230":[0,0,0,0],"231":[0],"232":[0,0],"233":[0,0],"234":[0],"235":[0],"236":[0,0],"237":[0,0],"238":[0],"239":[0,0],"240":[0,0],"241":[0,0],"242":[0,0],"243":[0,0],"244":[0],"245":[0],"246":[0,0],"247":[0,0],"248":[0,0],"249":[0,0],"250":[0,0],"251":[0,0],"252":[0],"253":[0,0],"254":[0],"255":[0],"256":[0,0],"257":[0,0],"258":[0,0],"259":[7,1],"260":[1],"261":[1,6],"262":[7,6],"263":[6,0],"264":[6,6],"265":[6,0],"266":[6,6],"267":[6,0],"268":[1,5],"269":[6,0],"270":[6,1],"271":[1],"272":[1,6],"273":[7,6],"274":[0,6],"275":[6,6],"276":[0,6],"277":[6,6],"278":[0],"279":[6,6],"280":[6,6],"281":[6,0],"282":[6,6],"283":[6,6],"284":[0],"285":[0],"286":[0],"287":[0,0],"288":[0,0],"289":[0,0],"290":[0],"291":[0,0],"292":[0,0],"293":[0],"294":[0],"295":[0],"296":[0],"297":[0],"298":[0],"299":[0,0]}}
}
