TN:
SF:src/utils/CommonHelper.js
FN:30,(anonymous_7)
FN:40,(anonymous_8)
FN:56,(anonymous_9)
FN:75,(anonymous_10)
FN:92,(anonymous_11)
FN:110,(anonymous_12)
FN:127,(anonymous_13)
FN:142,(anonymous_14)
FN:160,(anonymous_15)
FN:177,(anonymous_16)
FN:191,(anonymous_17)
FN:210,(anonymous_18)
FN:231,(anonymous_19)
FN:247,(anonymous_20)
FN:265,(anonymous_21)
FN:284,(anonymous_22)
FN:314,(anonymous_23)
FN:345,(anonymous_24)
FN:383,(anonymous_25)
FN:427,(anonymous_26)
FN:447,(anonymous_27)
FN:478,(anonymous_28)
FN:496,(anonymous_29)
FN:514,(anonymous_30)
FN:530,(anonymous_31)
FN:554,(anonymous_32)
FN:618,(anonymous_33)
FN:629,(anonymous_34)
FN:650,(anonymous_35)
FN:670,(anonymous_36)
FN:692,(anonymous_37)
FN:714,(anonymous_38)
FN:725,(anonymous_39)
FN:735,(anonymous_40)
FN:742,(anonymous_42)
FN:753,(anonymous_43)
FN:769,(anonymous_44)
FN:791,(anonymous_45)
FN:792,(anonymous_46)
FN:801,(anonymous_47)
FN:802,(anonymous_48)
FN:811,(anonymous_49)
FN:812,(anonymous_50)
FN:821,(anonymous_51)
FN:822,(anonymous_52)
FN:831,(anonymous_53)
FN:848,(anonymous_54)
FN:849,(anonymous_55)
FN:852,(anonymous_56)
FN:855,(anonymous_57)
FN:894,(anonymous_58)
FN:922,(anonymous_59)
FN:993,(anonymous_60)
FN:1041,(anonymous_61)
FN:1058,(anonymous_62)
FN:1097,(anonymous_63)
FN:1122,(anonymous_64)
FN:1149,(anonymous_65)
FN:1165,(anonymous_66)
FN:1181,(anonymous_67)
FN:1184,(anonymous_68)
FN:1187,(anonymous_69)
FN:1215,(anonymous_70)
FN:1239,(anonymous_71)
FN:1240,(anonymous_72)
FN:1250,(anonymous_73)
FN:1268,(anonymous_74)
FN:1296,(anonymous_75)
FN:1301,(anonymous_76)
FN:1305,(anonymous_77)
FN:1336,(anonymous_78)
FN:1393,(anonymous_79)
FN:1425,(anonymous_80)
FN:1479,(anonymous_81)
FN:1555,(anonymous_82)
FN:1576,(anonymous_83)
FN:1582,(anonymous_84)
FN:1625,(anonymous_85)
FN:1641,(anonymous_86)
FNF:79
FNH:12
FNDA:12,(anonymous_7)
FNDA:0,(anonymous_8)
FNDA:0,(anonymous_9)
FNDA:0,(anonymous_10)
FNDA:0,(anonymous_11)
FNDA:0,(anonymous_12)
FNDA:0,(anonymous_13)
FNDA:4,(anonymous_14)
FNDA:0,(anonymous_15)
FNDA:4,(anonymous_16)
FNDA:0,(anonymous_17)
FNDA:0,(anonymous_18)
FNDA:0,(anonymous_19)
FNDA:0,(anonymous_20)
FNDA:0,(anonymous_21)
FNDA:0,(anonymous_22)
FNDA:0,(anonymous_23)
FNDA:0,(anonymous_24)
FNDA:0,(anonymous_25)
FNDA:0,(anonymous_26)
FNDA:0,(anonymous_27)
FNDA:0,(anonymous_28)
FNDA:0,(anonymous_29)
FNDA:0,(anonymous_30)
FNDA:0,(anonymous_31)
FNDA:0,(anonymous_32)
FNDA:0,(anonymous_33)
FNDA:0,(anonymous_34)
FNDA:0,(anonymous_35)
FNDA:0,(anonymous_36)
FNDA:0,(anonymous_37)
FNDA:0,(anonymous_38)
FNDA:0,(anonymous_39)
FNDA:0,(anonymous_40)
FNDA:0,(anonymous_42)
FNDA:0,(anonymous_43)
FNDA:0,(anonymous_44)
FNDA:36,(anonymous_45)
FNDA:255,(anonymous_46)
FNDA:16,(anonymous_47)
FNDA:70,(anonymous_48)
FNDA:11,(anonymous_49)
FNDA:60,(anonymous_50)
FNDA:27,(anonymous_51)
FNDA:242,(anonymous_52)
FNDA:36,(anonymous_53)
FNDA:0,(anonymous_54)
FNDA:0,(anonymous_55)
FNDA:0,(anonymous_56)
FNDA:0,(anonymous_57)
FNDA:0,(anonymous_58)
FNDA:0,(anonymous_59)
FNDA:0,(anonymous_60)
FNDA:0,(anonymous_61)
FNDA:0,(anonymous_62)
FNDA:0,(anonymous_63)
FNDA:0,(anonymous_64)
FNDA:0,(anonymous_65)
FNDA:0,(anonymous_66)
FNDA:0,(anonymous_67)
FNDA:0,(anonymous_68)
FNDA:0,(anonymous_69)
FNDA:0,(anonymous_70)
FNDA:0,(anonymous_71)
FNDA:0,(anonymous_72)
FNDA:0,(anonymous_73)
FNDA:0,(anonymous_74)
FNDA:0,(anonymous_75)
FNDA:0,(anonymous_76)
FNDA:0,(anonymous_77)
FNDA:0,(anonymous_78)
FNDA:0,(anonymous_79)
FNDA:0,(anonymous_80)
FNDA:0,(anonymous_81)
FNDA:0,(anonymous_82)
FNDA:0,(anonymous_83)
FNDA:0,(anonymous_84)
FNDA:0,(anonymous_85)
FNDA:0,(anonymous_86)
DA:1,1
DA:3,1
DA:8,1
DA:12,1
DA:17,1
DA:23,1
DA:31,12
DA:41,0
DA:57,0
DA:76,0
DA:78,0
DA:93,0
DA:95,0
DA:111,0
DA:112,0
DA:113,0
DA:117,0
DA:128,0
DA:129,0
DA:132,0
DA:143,4
DA:145,4
DA:146,5
DA:147,1
DA:151,3
DA:161,0
DA:163,0
DA:164,0
DA:165,0
DA:166,0
DA:178,4
DA:179,3
DA:192,0
DA:194,0
DA:195,0
DA:196,0
DA:200,0
DA:211,0
DA:213,0
DA:215,0
DA:216,0
DA:218,0
DA:221,0
DA:232,0
DA:233,0
DA:234,0
DA:235,0
DA:248,0
DA:249,0
DA:250,0
DA:251,0
DA:255,0
DA:266,0
DA:268,0
DA:270,0
DA:271,0
DA:274,0
DA:285,0
DA:287,0
DA:288,0
DA:289,0
DA:290,0
DA:291,0
DA:294,0
DA:315,0
DA:316,0
DA:318,0
DA:319,0
DA:323,0
DA:326,0
DA:329,0
DA:346,0
DA:347,0
DA:348,0
DA:351,0
DA:352,0
DA:353,0
DA:355,0
DA:356,0
DA:360,0
DA:363,0
DA:366,0
DA:384,0
DA:385,0
DA:386,0
DA:388,0
DA:389,0
DA:393,0
DA:396,0
DA:399,0
DA:400,0
DA:401,0
DA:402,0
DA:406,0
DA:417,0
DA:428,0
DA:430,0
DA:431,0
DA:433,0
DA:434,0
DA:437,0
DA:448,0
DA:449,0
DA:452,0
DA:453,0
DA:454,0
DA:457,0
DA:459,0
DA:460,0
DA:461,0
DA:462,0
DA:466,0
DA:479,0
DA:484,0
DA:487,0
DA:497,0
DA:498,0
DA:501,0
DA:503,0
DA:515,0
DA:517,0
DA:518,0
DA:521,0
DA:531,0
DA:533,0
DA:534,0
DA:536,0
DA:537,0
DA:540,0
DA:543,0
DA:555,0
DA:556,0
DA:560,0
DA:598,0
DA:599,0
DA:602,0
DA:607,0
DA:619,0
DA:630,0
DA:631,0
DA:633,0
DA:634,0
DA:635,0
DA:636,0
DA:640,0
DA:651,0
DA:653,0
DA:654,0
DA:655,0
DA:656,0
DA:660,0
DA:671,0
DA:673,0
DA:674,0
DA:677,0
DA:679,0
DA:680,0
DA:683,0
DA:693,0
DA:694,0
DA:700,0
DA:701,0
DA:704,0
DA:715,0
DA:726,0
DA:736,0
DA:738,0
DA:739,0
DA:742,0
DA:743,0
DA:754,0
DA:756,0
DA:757,0
DA:758,0
DA:759,0
DA:760,0
DA:770,0
DA:771,0
DA:772,0
DA:775,0
DA:776,0
DA:777,0
DA:779,0
DA:782,0
DA:792,255
DA:802,70
DA:812,60
DA:822,242
DA:832,36
DA:833,27
DA:834,16
DA:835,11
DA:836,3
DA:849,0
DA:850,0
DA:852,0
DA:853,0
DA:855,0
DA:856,0
DA:857,0
DA:858,0
DA:859,0
DA:861,0
DA:862,0
DA:864,0
DA:877,0
DA:880,0
DA:883,0
DA:895,0
DA:896,0
DA:899,0
DA:900,0
DA:901,0
DA:902,0
DA:903,0
DA:905,0
DA:906,0
DA:907,0
DA:908,0
DA:909,0
DA:910,0
DA:912,0
DA:923,0
DA:925,0
DA:931,0
DA:932,0
DA:933,0
DA:934,0
DA:935,0
DA:938,0
DA:939,0
DA:940,0
DA:943,0
DA:944,0
DA:945,0
DA:948,0
DA:949,0
DA:950,0
DA:951,0
DA:952,0
DA:953,0
DA:954,0
DA:955,0
DA:956,0
DA:957,0
DA:958,0
DA:959,0
DA:960,0
DA:961,0
DA:962,0
DA:963,0
DA:964,0
DA:965,0
DA:967,0
DA:968,0
DA:969,0
DA:970,0
DA:972,0
DA:973,0
DA:974,0
DA:975,0
DA:978,0
DA:981,0
DA:984,0
DA:994,0
DA:996,0
DA:998,0
DA:999,0
DA:1001,0
DA:1002,0
DA:1003,0
DA:1004,0
DA:1005,0
DA:1006,0
DA:1007,0
DA:1008,0
DA:1009,0
DA:1010,0
DA:1011,0
DA:1012,0
DA:1013,0
DA:1014,0
DA:1015,0
DA:1016,0
DA:1017,0
DA:1018,0
DA:1020,0
DA:1021,0
DA:1022,0
DA:1023,0
DA:1026,0
DA:1029,0
DA:1032,0
DA:1042,0
DA:1044,0
DA:1046,0
DA:1048,0
DA:1059,0
DA:1061,0
DA:1063,0
DA:1065,0
DA:1067,0
DA:1069,0
DA:1071,0
DA:1073,0
DA:1075,0
DA:1077,0
DA:1079,0
DA:1081,0
DA:1083,0
DA:1085,0
DA:1087,0
DA:1098,0
DA:1100,0
DA:1102,0
DA:1104,0
DA:1107,0
DA:1108,0
DA:1110,0
DA:1112,0
DA:1123,0
DA:1124,0
DA:1127,0
DA:1128,0
DA:1131,0
DA:1132,0
DA:1136,0
DA:1137,0
DA:1140,0
DA:1150,0
DA:1154,0
DA:1166,0
DA:1167,0
DA:1169,0
DA:1170,0
DA:1173,0
DA:1174,0
DA:1175,0
DA:1179,0
DA:1180,0
DA:1181,0
DA:1182,0
DA:1184,0
DA:1185,0
DA:1187,0
DA:1188,0
DA:1189,0
DA:1190,0
DA:1193,0
DA:1194,0
DA:1195,0
DA:1199,0
DA:1202,0
DA:1216,0
DA:1217,0
DA:1218,0
DA:1220,0
DA:1221,0
DA:1222,0
DA:1223,0
DA:1224,0
DA:1226,0
DA:1230,0
DA:1240,0
DA:1241,0
DA:1251,0
DA:1269,0
DA:1297,0
DA:1298,0
DA:1299,0
DA:1301,0
DA:1302,0
DA:1303,0
DA:1305,0
DA:1306,0
DA:1307,0
DA:1312,0
DA:1313,0
DA:1314,0
DA:1315,0
DA:1316,0
DA:1319,0
DA:1322,0
DA:1325,0
DA:1337,0
DA:1338,0
DA:1340,0
DA:1342,0
DA:1343,0
DA:1345,0
DA:1346,0
DA:1349,0
DA:1350,0
DA:1351,0
DA:1352,0
DA:1353,0
DA:1354,0
DA:1355,0
DA:1357,0
DA:1361,0
DA:1362,0
DA:1365,0
DA:1376,0
DA:1377,0
DA:1378,0
DA:1382,0
DA:1394,0
DA:1396,0
DA:1402,0
DA:1404,0
DA:1406,0
DA:1408,0
DA:1409,0
DA:1410,0
DA:1411,0
DA:1415,0
DA:1426,0
DA:1427,0
DA:1430,0
DA:1432,0
DA:1433,0
DA:1434,0
DA:1436,0
DA:1437,0
DA:1438,0
DA:1439,0
DA:1440,0
DA:1441,0
DA:1442,0
DA:1444,0
DA:1445,0
DA:1448,0
DA:1450,0
DA:1451,0
DA:1454,0
DA:1480,0
DA:1490,0
DA:1491,0
DA:1493,0
DA:1494,0
DA:1497,0
DA:1500,0
DA:1503,0
DA:1506,0
DA:1507,0
DA:1508,0
DA:1509,0
DA:1511,0
DA:1512,0
DA:1516,0
DA:1519,0
DA:1523,0
DA:1524,0
DA:1526,0
DA:1527,0
DA:1528,0
DA:1529,0
DA:1532,0
DA:1533,0
DA:1534,0
DA:1536,0
DA:1544,0
DA:1546,0
DA:1556,0
DA:1558,0
DA:1559,0
DA:1562,0
DA:1564,0
DA:1565,0
DA:1568,0
DA:1569,0
DA:1572,0
DA:1574,0
DA:1576,0
DA:1578,0
DA:1579,0
DA:1582,0
DA:1583,0
DA:1585,0
DA:1587,0
DA:1590,0
DA:1593,0
DA:1594,0
DA:1597,0
DA:1598,0
DA:1601,0
DA:1605,0
DA:1606,0
DA:1609,0
DA:1611,0
DA:1612,0
DA:1615,0
DA:1626,0
DA:1628,0
DA:1630,0
DA:1642,0
DA:1643,0
DA:1646,0
DA:1648,0
DA:1649,0
DA:1650,0
DA:1651,0
DA:1652,0
DA:1656,0
LF:504
LH:23
BRDA:31,0,0,12
BRDA:31,0,1,12
BRDA:31,0,2,0
BRDA:41,1,0,0
BRDA:41,1,1,0
BRDA:58,2,0,0
BRDA:58,2,1,0
BRDA:58,2,2,0
BRDA:58,2,3,0
BRDA:58,2,4,0
BRDA:58,2,5,0
BRDA:58,2,6,0
BRDA:58,2,7,0
BRDA:58,2,8,0
BRDA:58,2,9,0
BRDA:76,3,0,0
BRDA:76,3,1,0
BRDA:76,4,0,0
BRDA:76,4,1,0
BRDA:79,5,0,0
BRDA:79,5,1,0
BRDA:79,5,2,0
BRDA:79,5,3,0
BRDA:93,6,0,0
BRDA:93,6,1,0
BRDA:93,7,0,0
BRDA:93,7,1,0
BRDA:96,8,0,0
BRDA:96,8,1,0
BRDA:96,8,2,0
BRDA:96,8,3,0
BRDA:96,8,4,0
BRDA:112,9,0,0
BRDA:127,10,0,0
BRDA:128,11,0,0
BRDA:132,12,0,0
BRDA:132,12,1,0
BRDA:132,13,0,0
BRDA:132,13,1,0
BRDA:132,13,2,0
BRDA:143,14,0,3
BRDA:143,14,1,1
BRDA:146,15,0,1
BRDA:161,16,0,0
BRDA:161,16,1,0
BRDA:164,17,0,0
BRDA:178,18,0,3
BRDA:192,19,0,0
BRDA:192,19,1,0
BRDA:195,20,0,0
BRDA:211,21,0,0
BRDA:211,21,1,0
BRDA:216,22,0,0
BRDA:216,22,1,0
BRDA:233,23,0,0
BRDA:247,24,0,0
BRDA:249,25,0,0
BRDA:265,26,0,0
BRDA:266,27,0,0
BRDA:266,27,1,0
BRDA:284,28,0,0
BRDA:285,29,0,0
BRDA:285,29,1,0
BRDA:288,30,0,0
BRDA:288,30,1,0
BRDA:288,31,0,0
BRDA:288,31,1,0
BRDA:290,32,0,0
BRDA:314,33,0,0
BRDA:314,34,0,0
BRDA:315,35,0,0
BRDA:315,35,1,0
BRDA:316,36,0,0
BRDA:316,36,1,0
BRDA:319,37,0,0
BRDA:320,38,0,0
BRDA:320,38,1,0
BRDA:320,38,2,0
BRDA:345,39,0,0
BRDA:346,40,0,0
BRDA:346,41,0,0
BRDA:346,41,1,0
BRDA:356,42,0,0
BRDA:357,43,0,0
BRDA:357,43,1,0
BRDA:357,43,2,0
BRDA:357,43,3,0
BRDA:383,44,0,0
BRDA:384,45,0,0
BRDA:384,45,1,0
BRDA:385,46,0,0
BRDA:385,46,1,0
BRDA:389,47,0,0
BRDA:390,48,0,0
BRDA:390,48,1,0
BRDA:390,48,2,0
BRDA:390,48,3,0
BRDA:399,49,0,0
BRDA:399,49,1,0
BRDA:401,50,0,0
BRDA:406,51,0,0
BRDA:407,52,0,0
BRDA:407,52,1,0
BRDA:407,52,2,0
BRDA:407,52,3,0
BRDA:407,52,4,0
BRDA:407,52,5,0
BRDA:407,52,6,0
BRDA:407,52,7,0
BRDA:407,52,8,0
BRDA:428,53,0,0
BRDA:428,53,1,0
BRDA:447,54,0,0
BRDA:448,55,0,0
BRDA:453,56,0,0
BRDA:459,57,0,0
BRDA:461,58,0,0
BRDA:461,59,0,0
BRDA:461,59,1,0
BRDA:461,59,2,0
BRDA:479,60,0,0
BRDA:480,61,0,0
BRDA:480,61,1,0
BRDA:480,61,2,0
BRDA:480,61,3,0
BRDA:480,61,4,0
BRDA:497,62,0,0
BRDA:503,63,0,0
BRDA:503,63,1,0
BRDA:514,64,0,0
BRDA:514,65,0,0
BRDA:515,66,0,0
BRDA:515,66,1,0
BRDA:517,67,0,0
BRDA:521,68,0,0
BRDA:521,68,1,0
BRDA:536,69,0,0
BRDA:554,70,0,0
BRDA:554,71,0,0
BRDA:555,72,0,0
BRDA:629,73,0,0
BRDA:630,74,0,0
BRDA:630,74,1,0
BRDA:635,75,0,0
BRDA:650,76,0,0
BRDA:654,77,0,0
BRDA:654,77,1,0
BRDA:655,78,0,0
BRDA:671,79,0,0
BRDA:671,79,1,0
BRDA:673,80,0,0
BRDA:679,81,0,0
BRDA:693,82,0,0
BRDA:700,83,0,0
BRDA:700,83,1,0
BRDA:714,84,0,0
BRDA:725,85,0,0
BRDA:738,86,0,0
BRDA:738,87,0,0
BRDA:738,87,1,0
BRDA:738,88,0,0
BRDA:738,88,1,0
BRDA:738,89,0,0
BRDA:738,89,1,0
BRDA:738,90,0,0
BRDA:738,90,1,0
BRDA:738,91,0,0
BRDA:738,91,1,0
BRDA:770,92,0,0
BRDA:770,92,1,0
BRDA:770,93,0,0
BRDA:770,93,1,0
BRDA:771,94,0,0
BRDA:777,95,0,0
BRDA:777,95,1,0
BRDA:832,96,0,9
BRDA:833,97,0,11
BRDA:834,98,0,5
BRDA:835,99,0,8
BRDA:848,100,0,0
BRDA:848,101,0,0
BRDA:866,102,0,0
BRDA:866,102,1,0
BRDA:869,103,0,0
BRDA:869,103,1,0
BRDA:870,104,0,0
BRDA:870,104,1,0
BRDA:895,105,0,0
BRDA:899,106,0,0
BRDA:899,106,1,0
BRDA:901,107,0,0
BRDA:901,107,1,0
BRDA:905,108,0,0
BRDA:905,108,1,0
BRDA:907,109,0,0
BRDA:907,109,1,0
BRDA:909,110,0,0
BRDA:909,110,1,0
BRDA:923,111,0,0
BRDA:923,111,1,0
BRDA:923,112,0,0
BRDA:923,112,1,0
BRDA:923,113,0,0
BRDA:923,113,1,0
BRDA:927,114,0,0
BRDA:927,114,1,0
BRDA:927,115,0,0
BRDA:927,115,1,0
BRDA:928,116,0,0
BRDA:928,116,1,0
BRDA:928,117,0,0
BRDA:928,117,1,0
BRDA:931,118,0,0
BRDA:931,119,0,0
BRDA:931,119,1,0
BRDA:931,120,0,0
BRDA:931,120,1,0
BRDA:938,121,0,0
BRDA:938,121,1,0
BRDA:938,122,0,0
BRDA:938,122,1,0
BRDA:938,123,0,0
BRDA:938,123,1,0
BRDA:938,124,0,0
BRDA:938,124,1,0
BRDA:938,125,0,0
BRDA:938,125,1,0
BRDA:938,126,0,0
BRDA:938,126,1,0
BRDA:938,127,0,0
BRDA:938,127,1,0
BRDA:939,128,0,0
BRDA:943,129,0,0
BRDA:943,129,1,0
BRDA:943,130,0,0
BRDA:943,130,1,0
BRDA:943,131,0,0
BRDA:943,131,1,0
BRDA:943,132,0,0
BRDA:943,132,1,0
BRDA:943,133,0,0
BRDA:943,133,1,0
BRDA:943,134,0,0
BRDA:943,134,1,0
BRDA:943,135,0,0
BRDA:943,135,1,0
BRDA:944,136,0,0
BRDA:950,137,0,0
BRDA:950,137,1,0
BRDA:952,138,0,0
BRDA:952,138,1,0
BRDA:954,139,0,0
BRDA:954,139,1,0
BRDA:956,140,0,0
BRDA:956,140,1,0
BRDA:958,141,0,0
BRDA:958,141,1,0
BRDA:960,142,0,0
BRDA:960,142,1,0
BRDA:962,143,0,0
BRDA:962,143,1,0
BRDA:964,144,0,0
BRDA:964,145,0,0
BRDA:964,145,1,0
BRDA:964,146,0,0
BRDA:964,146,1,0
BRDA:967,147,0,0
BRDA:967,147,1,0
BRDA:968,148,0,0
BRDA:968,148,1,0
BRDA:968,149,0,0
BRDA:968,149,1,0
BRDA:968,150,0,0
BRDA:968,150,1,0
BRDA:968,151,0,0
BRDA:968,151,1,0
BRDA:969,152,0,0
BRDA:969,153,0,0
BRDA:969,153,1,0
BRDA:969,154,0,0
BRDA:969,154,1,0
BRDA:972,155,0,0
BRDA:972,155,1,0
BRDA:974,156,0,0
BRDA:974,157,0,0
BRDA:974,157,1,0
BRDA:974,158,0,0
BRDA:974,158,1,0
BRDA:994,159,0,0
BRDA:994,159,1,0
BRDA:994,160,0,0
BRDA:994,160,1,0
BRDA:994,161,0,0
BRDA:994,161,1,0
BRDA:1001,162,0,0
BRDA:1001,162,1,0
BRDA:1003,163,0,0
BRDA:1003,163,1,0
BRDA:1005,164,0,0
BRDA:1005,164,1,0
BRDA:1007,165,0,0
BRDA:1007,165,1,0
BRDA:1009,166,0,0
BRDA:1009,166,1,0
BRDA:1011,167,0,0
BRDA:1011,167,1,0
BRDA:1013,168,0,0
BRDA:1013,168,1,0
BRDA:1015,169,0,0
BRDA:1015,169,1,0
BRDA:1016,170,0,0
BRDA:1016,170,1,0
BRDA:1016,171,0,0
BRDA:1016,171,1,0
BRDA:1016,172,0,0
BRDA:1016,172,1,0
BRDA:1016,173,0,0
BRDA:1016,173,1,0
BRDA:1017,174,0,0
BRDA:1017,175,0,0
BRDA:1017,175,1,0
BRDA:1017,176,0,0
BRDA:1017,176,1,0
BRDA:1020,177,0,0
BRDA:1020,177,1,0
BRDA:1022,178,0,0
BRDA:1022,179,0,0
BRDA:1022,179,1,0
BRDA:1022,180,0,0
BRDA:1022,180,1,0
BRDA:1042,181,0,0
BRDA:1042,181,1,0
BRDA:1042,181,2,0
BRDA:1042,182,0,0
BRDA:1042,182,1,0
BRDA:1042,183,0,0
BRDA:1042,183,1,0
BRDA:1059,184,0,0
BRDA:1059,184,1,0
BRDA:1059,184,2,0
BRDA:1059,184,3,0
BRDA:1059,184,4,0
BRDA:1059,184,5,0
BRDA:1059,184,6,0
BRDA:1059,184,7,0
BRDA:1059,184,8,0
BRDA:1059,184,9,0
BRDA:1059,184,10,0
BRDA:1059,184,11,0
BRDA:1059,184,12,0
BRDA:1059,184,13,0
BRDA:1059,185,0,0
BRDA:1059,185,1,0
BRDA:1059,186,0,0
BRDA:1059,186,1,0
BRDA:1098,187,0,0
BRDA:1098,187,1,0
BRDA:1098,187,2,0
BRDA:1098,187,3,0
BRDA:1098,187,4,0
BRDA:1098,187,5,0
BRDA:1098,188,0,0
BRDA:1098,188,1,0
BRDA:1098,189,0,0
BRDA:1098,189,1,0
BRDA:1107,190,0,0
BRDA:1107,191,0,0
BRDA:1107,191,1,0
BRDA:1107,192,0,0
BRDA:1107,192,1,0
BRDA:1107,193,0,0
BRDA:1107,193,1,0
BRDA:1107,194,0,0
BRDA:1107,194,1,0
BRDA:1123,195,0,0
BRDA:1123,196,0,0
BRDA:1123,196,1,0
BRDA:1123,197,0,0
BRDA:1123,197,1,0
BRDA:1127,198,0,0
BRDA:1127,199,0,0
BRDA:1127,199,1,0
BRDA:1127,200,0,0
BRDA:1127,200,1,0
BRDA:1131,201,0,0
BRDA:1131,202,0,0
BRDA:1131,202,1,0
BRDA:1131,203,0,0
BRDA:1131,203,1,0
BRDA:1136,204,0,0
BRDA:1136,205,0,0
BRDA:1136,205,1,0
BRDA:1136,206,0,0
BRDA:1136,206,1,0
BRDA:1136,207,0,0
BRDA:1136,207,1,0
BRDA:1136,208,0,0
BRDA:1136,208,1,0
BRDA:1136,209,0,0
BRDA:1136,209,1,0
BRDA:1136,210,0,0
BRDA:1136,210,1,0
BRDA:1136,211,0,0
BRDA:1136,211,1,0
BRDA:1150,212,0,0
BRDA:1150,212,1,0
BRDA:1150,212,2,0
BRDA:1165,213,0,0
BRDA:1166,214,0,0
BRDA:1166,214,1,0
BRDA:1167,215,0,0
BRDA:1167,215,1,0
BRDA:1169,216,0,0
BRDA:1174,217,0,0
BRDA:1174,218,0,0
BRDA:1174,218,1,0
BRDA:1179,219,0,0
BRDA:1179,219,1,0
BRDA:1180,220,0,0
BRDA:1180,220,1,0
BRDA:1182,221,0,0
BRDA:1182,221,1,0
BRDA:1182,222,0,0
BRDA:1182,222,1,0
BRDA:1182,223,0,0
BRDA:1182,223,1,0
BRDA:1185,224,0,0
BRDA:1185,224,1,0
BRDA:1185,225,0,0
BRDA:1185,225,1,0
BRDA:1185,226,0,0
BRDA:1185,226,1,0
BRDA:1188,227,0,0
BRDA:1188,227,1,0
BRDA:1189,228,0,0
BRDA:1194,229,0,0
BRDA:1203,230,0,0
BRDA:1203,230,1,0
BRDA:1203,230,2,0
BRDA:1203,230,3,0
BRDA:1215,231,0,0
BRDA:1221,232,0,0
BRDA:1221,232,1,0
BRDA:1223,233,0,0
BRDA:1223,233,1,0
BRDA:1306,234,0,0
BRDA:1336,235,0,0
BRDA:1337,236,0,0
BRDA:1337,236,1,0
BRDA:1338,237,0,0
BRDA:1338,237,1,0
BRDA:1345,238,0,0
BRDA:1349,239,0,0
BRDA:1349,239,1,0
BRDA:1351,240,0,0
BRDA:1351,240,1,0
BRDA:1352,241,0,0
BRDA:1352,241,1,0
BRDA:1353,242,0,0
BRDA:1353,242,1,0
BRDA:1354,243,0,0
BRDA:1354,243,1,0
BRDA:1361,244,0,0
BRDA:1377,245,0,0
BRDA:1396,246,0,0
BRDA:1396,246,1,0
BRDA:1404,247,0,0
BRDA:1404,247,1,0
BRDA:1404,248,0,0
BRDA:1404,248,1,0
BRDA:1404,249,0,0
BRDA:1404,249,1,0
BRDA:1404,250,0,0
BRDA:1404,250,1,0
BRDA:1404,251,0,0
BRDA:1404,251,1,0
BRDA:1410,252,0,0
BRDA:1410,253,0,0
BRDA:1410,253,1,0
BRDA:1425,254,0,0
BRDA:1426,255,0,0
BRDA:1432,256,0,0
BRDA:1432,256,1,0
BRDA:1436,257,0,0
BRDA:1436,257,1,0
BRDA:1448,258,0,0
BRDA:1448,258,1,0
BRDA:1491,259,0,0
BRDA:1491,259,1,0
BRDA:1493,260,0,0
BRDA:1493,261,0,0
BRDA:1493,261,1,0
BRDA:1493,262,0,0
BRDA:1493,262,1,0
BRDA:1500,263,0,0
BRDA:1500,263,1,0
BRDA:1500,264,0,0
BRDA:1500,264,1,0
BRDA:1503,265,0,0
BRDA:1503,265,1,0
BRDA:1503,266,0,0
BRDA:1503,266,1,0
BRDA:1506,267,0,0
BRDA:1506,267,1,0
BRDA:1507,268,0,0
BRDA:1507,268,1,0
BRDA:1516,269,0,0
BRDA:1516,269,1,0
BRDA:1519,270,0,0
BRDA:1519,270,1,0
BRDA:1528,271,0,0
BRDA:1528,272,0,0
BRDA:1528,272,1,0
BRDA:1528,273,0,0
BRDA:1528,273,1,0
BRDA:1532,274,0,0
BRDA:1532,274,1,0
BRDA:1532,275,0,0
BRDA:1532,275,1,0
BRDA:1532,276,0,0
BRDA:1532,276,1,0
BRDA:1532,277,0,0
BRDA:1532,277,1,0
BRDA:1533,278,0,0
BRDA:1538,279,0,0
BRDA:1538,279,1,0
BRDA:1539,280,0,0
BRDA:1539,280,1,0
BRDA:1539,281,0,0
BRDA:1539,281,1,0
BRDA:1539,282,0,0
BRDA:1539,282,1,0
BRDA:1544,283,0,0
BRDA:1544,283,1,0
BRDA:1558,284,0,0
BRDA:1564,285,0,0
BRDA:1568,286,0,0
BRDA:1572,287,0,0
BRDA:1572,287,1,0
BRDA:1576,288,0,0
BRDA:1576,288,1,0
BRDA:1576,289,0,0
BRDA:1576,289,1,0
BRDA:1578,290,0,0
BRDA:1585,291,0,0
BRDA:1585,291,1,0
BRDA:1585,292,0,0
BRDA:1585,292,1,0
BRDA:1593,293,0,0
BRDA:1597,294,0,0
BRDA:1605,295,0,0
BRDA:1611,296,0,0
BRDA:1642,297,0,0
BRDA:1650,298,0,0
BRDA:1656,299,0,0
BRDA:1656,299,1,0
BRF:556
BRH:10
end_of_record
